{"C:\\Users\\Manoj\\OneDrive\\Desktop\\estore2\\eStore\\frontend\\src\\App.js": {"path":"C:\\Users\\Manoj\\OneDrive\\Desktop\\estore2\\eStore\\frontend\\src\\App.js","statementMap":{"0":{"start":{"line":24,"column":2},"end":{"line":71,"column":4}}},"fnMap":{"0":{"name":"App","decl":{"start":{"line":23,"column":9},"end":{"line":23,"column":12}},"loc":{"start":{"line":23,"column":15},"end":{"line":72,"column":1}},"line":23}},"branchMap":{},"s":{"0":0},"f":{"0":0},"b":{}}
,"C:\\Users\\Manoj\\OneDrive\\Desktop\\estore2\\eStore\\frontend\\src\\index.js": {"path":"C:\\Users\\Manoj\\OneDrive\\Desktop\\estore2\\eStore\\frontend\\src\\index.js","statementMap":{"0":{"start":{"line":7,"column":13},"end":{"line":7,"column":65}},"1":{"start":{"line":8,"column":0},"end":{"line":12,"column":2}}},"fnMap":{},"branchMap":{},"s":{"0":0,"1":0},"f":{},"b":{}}
,"C:\\Users\\Manoj\\OneDrive\\Desktop\\estore2\\eStore\\frontend\\src\\test-utils.js": {"path":"C:\\Users\\Manoj\\OneDrive\\Desktop\\estore2\\eStore\\frontend\\src\\test-utils.js","statementMap":{"0":{"start":{"line":9,"column":17},"end":{"line":15,"column":1}},"1":{"start":{"line":17,"column":17},"end":{"line":25,"column":1}},"2":{"start":{"line":27,"column":21},"end":{"line":32,"column":1}},"3":{"start":{"line":34,"column":24},"end":{"line":46,"column":1}},"4":{"start":{"line":35,"column":4},"end":{"line":45,"column":6}},"5":{"start":{"line":48,"column":21},"end":{"line":62,"column":1}},"6":{"start":{"line":49,"column":70},"end":{"line":49,"column":77}},"7":{"start":{"line":51,"column":4},"end":{"line":61,"column":7}},"8":{"start":{"line":53,"column":12},"end":{"line":58,"column":14}}},"fnMap":{"0":{"name":"(anonymous_0)","decl":{"start":{"line":34,"column":24},"end":{"line":34,"column":25}},"loc":{"start":{"line":34,"column":79},"end":{"line":46,"column":1}},"line":34},"1":{"name":"(anonymous_1)","decl":{"start":{"line":48,"column":21},"end":{"line":48,"column":22}},"loc":{"start":{"line":48,"column":43},"end":{"line":62,"column":1}},"line":48},"2":{"name":"(anonymous_2)","decl":{"start":{"line":52,"column":17},"end":{"line":52,"column":18}},"loc":{"start":{"line":53,"column":12},"end":{"line":58,"column":14}},"line":53}},"branchMap":{"0":{"loc":{"start":{"line":48,"column":26},"end":{"line":48,"column":38}},"type":"default-arg","locations":[{"start":{"line":48,"column":36},"end":{"line":48,"column":38}}],"line":48}},"s":{"0":3,"1":3,"2":3,"3":3,"4":13,"5":3,"6":13,"7":13,"8":13},"f":{"0":13,"1":13,"2":13},"b":{"0":[7]},"_coverageSchema":"1a1c01bbd47fc00a2c39e90264f33305004495a9","hash":"3d3e6b8c3a2eb67573896863b51edc9789972527"}
,"C:\\Users\\Manoj\\OneDrive\\Desktop\\estore2\\eStore\\frontend\\src\\components\\CartItem.js": {"path":"C:\\Users\\Manoj\\OneDrive\\Desktop\\estore2\\eStore\\frontend\\src\\components\\CartItem.js","statementMap":{"0":{"start":{"line":6,"column":17},"end":{"line":123,"column":1}},"1":{"start":{"line":7,"column":45},"end":{"line":7,"column":54}},"2":{"start":{"line":8,"column":38},"end":{"line":8,"column":67}},"3":{"start":{"line":11,"column":2},"end":{"line":13,"column":22}},"4":{"start":{"line":12,"column":4},"end":{"line":12,"column":33}},"5":{"start":{"line":15,"column":26},"end":{"line":19,"column":3}},"6":{"start":{"line":16,"column":4},"end":{"line":18,"column":5}},"7":{"start":{"line":17,"column":6},"end":{"line":17,"column":50}},"8":{"start":{"line":21,"column":26},"end":{"line":27,"column":3}},"9":{"start":{"line":23,"column":21},"end":{"line":23,"column":37}},"10":{"start":{"line":24,"column":4},"end":{"line":26,"column":5}},"11":{"start":{"line":25,"column":6},"end":{"line":25,"column":50}},"12":{"start":{"line":29,"column":28},"end":{"line":37,"column":3}},"13":{"start":{"line":30,"column":19},"end":{"line":30,"column":43}},"14":{"start":{"line":31,"column":4},"end":{"line":31,"column":34}},"15":{"start":{"line":33,"column":4},"end":{"line":36,"column":5}},"16":{"start":{"line":34,"column":23},"end":{"line":34,"column":39}},"17":{"start":{"line":35,"column":6},"end":{"line":35,"column":59}},"18":{"start":{"line":39,"column":21},"end":{"line":45,"column":3}},"19":{"start":{"line":41,"column":4},"end":{"line":44,"column":5}},"20":{"start":{"line":42,"column":6},"end":{"line":42,"column":23}},"21":{"start":{"line":43,"column":6},"end":{"line":43,"column":34}},"22":{"start":{"line":47,"column":2},"end":{"line":122,"column":4}},"23":{"start":{"line":114,"column":25},"end":{"line":114,"column":49}}},"fnMap":{"0":{"name":"(anonymous_0)","decl":{"start":{"line":6,"column":17},"end":{"line":6,"column":18}},"loc":{"start":{"line":6,"column":31},"end":{"line":123,"column":1}},"line":6},"1":{"name":"(anonymous_1)","decl":{"start":{"line":11,"column":18},"end":{"line":11,"column":19}},"loc":{"start":{"line":11,"column":24},"end":{"line":13,"column":3}},"line":11},"2":{"name":"(anonymous_2)","decl":{"start":{"line":15,"column":26},"end":{"line":15,"column":27}},"loc":{"start":{"line":15,"column":32},"end":{"line":19,"column":3}},"line":15},"3":{"name":"(anonymous_3)","decl":{"start":{"line":21,"column":26},"end":{"line":21,"column":27}},"loc":{"start":{"line":21,"column":32},"end":{"line":27,"column":3}},"line":21},"4":{"name":"(anonymous_4)","decl":{"start":{"line":29,"column":28},"end":{"line":29,"column":29}},"loc":{"start":{"line":29,"column":35},"end":{"line":37,"column":3}},"line":29},"5":{"name":"(anonymous_5)","decl":{"start":{"line":39,"column":21},"end":{"line":39,"column":22}},"loc":{"start":{"line":39,"column":27},"end":{"line":45,"column":3}},"line":39},"6":{"name":"(anonymous_6)","decl":{"start":{"line":114,"column":19},"end":{"line":114,"column":20}},"loc":{"start":{"line":114,"column":25},"end":{"line":114,"column":49}},"line":114}},"branchMap":{"0":{"loc":{"start":{"line":16,"column":4},"end":{"line":18,"column":5}},"type":"if","locations":[{"start":{"line":16,"column":4},"end":{"line":18,"column":5}},{"start":{},"end":{}}],"line":16},"1":{"loc":{"start":{"line":23,"column":21},"end":{"line":23,"column":37}},"type":"binary-expr","locations":[{"start":{"line":23,"column":21},"end":{"line":23,"column":31}},{"start":{"line":23,"column":35},"end":{"line":23,"column":37}}],"line":23},"2":{"loc":{"start":{"line":24,"column":4},"end":{"line":26,"column":5}},"type":"if","locations":[{"start":{"line":24,"column":4},"end":{"line":26,"column":5}},{"start":{},"end":{}}],"line":24},"3":{"loc":{"start":{"line":33,"column":4},"end":{"line":36,"column":5}},"type":"if","locations":[{"start":{"line":33,"column":4},"end":{"line":36,"column":5}},{"start":{},"end":{}}],"line":33},"4":{"loc":{"start":{"line":33,"column":8},"end":{"line":33,"column":37}},"type":"binary-expr","locations":[{"start":{"line":33,"column":8},"end":{"line":33,"column":22}},{"start":{"line":33,"column":26},"end":{"line":33,"column":37}}],"line":33},"5":{"loc":{"start":{"line":34,"column":23},"end":{"line":34,"column":39}},"type":"binary-expr","locations":[{"start":{"line":34,"column":23},"end":{"line":34,"column":33}},{"start":{"line":34,"column":37},"end":{"line":34,"column":39}}],"line":34},"6":{"loc":{"start":{"line":41,"column":4},"end":{"line":44,"column":5}},"type":"if","locations":[{"start":{"line":41,"column":4},"end":{"line":44,"column":5}},{"start":{},"end":{}}],"line":41},"7":{"loc":{"start":{"line":41,"column":8},"end":{"line":41,"column":47}},"type":"binary-expr","locations":[{"start":{"line":41,"column":8},"end":{"line":41,"column":19}},{"start":{"line":41,"column":23},"end":{"line":41,"column":47}}],"line":41},"8":{"loc":{"start":{"line":59,"column":17},"end":{"line":59,"column":81}},"type":"binary-expr","locations":[{"start":{"line":59,"column":17},"end":{"line":59,"column":30}},{"start":{"line":59,"column":34},"end":{"line":59,"column":44}},{"start":{"line":59,"column":48},"end":{"line":59,"column":81}}],"line":59},"9":{"loc":{"start":{"line":92,"column":40},"end":{"line":92,"column":56}},"type":"binary-expr","locations":[{"start":{"line":92,"column":40},"end":{"line":92,"column":50}},{"start":{"line":92,"column":54},"end":{"line":92,"column":56}}],"line":92}},"s":{"0":1,"1":8,"2":8,"3":8,"4":6,"5":8,"6":1,"7":1,"8":8,"9":1,"10":1,"11":1,"12":8,"13":1,"14":1,"15":1,"16":1,"17":1,"18":8,"19":0,"20":0,"21":0,"22":8,"23":1},"f":{"0":8,"1":6,"2":1,"3":1,"4":1,"5":0,"6":1},"b":{"0":[1,0],"1":[1,0],"2":[1,0],"3":[1,0],"4":[1,1],"5":[1,0],"6":[0,0],"7":[0,0],"8":[8,0,0],"9":[8,0]},"_coverageSchema":"1a1c01bbd47fc00a2c39e90264f33305004495a9","hash":"9d1e72caec85b395c84325ba785628f212dfa64d"}
,"C:\\Users\\Manoj\\OneDrive\\Desktop\\estore2\\eStore\\frontend\\src\\components\\CategoryFilter.js": {"path":"C:\\Users\\Manoj\\OneDrive\\Desktop\\estore2\\eStore\\frontend\\src\\components\\CategoryFilter.js","statementMap":{"0":{"start":{"line":3,"column":23},"end":{"line":68,"column":1}},"1":{"start":{"line":11,"column":27},"end":{"line":22,"column":18}},"2":{"start":{"line":12,"column":23},"end":{"line":16,"column":14}},"3":{"start":{"line":13,"column":24},"end":{"line":13,"column":40}},"4":{"start":{"line":14,"column":12},"end":{"line":14,"column":43}},"5":{"start":{"line":15,"column":12},"end":{"line":15,"column":23}},"6":{"start":{"line":19,"column":8},"end":{"line":19,"column":40}},"7":{"start":{"line":21,"column":8},"end":{"line":21,"column":22}},"8":{"start":{"line":24,"column":4},"end":{"line":67,"column":6}},"9":{"start":{"line":32,"column":37},"end":{"line":32,"column":69}},"10":{"start":{"line":36,"column":24},"end":{"line":38,"column":33}},"11":{"start":{"line":46,"column":20},"end":{"line":63,"column":29}},"12":{"start":{"line":48,"column":39},"end":{"line":48,"column":65}}},"fnMap":{"0":{"name":"(anonymous_0)","decl":{"start":{"line":3,"column":23},"end":{"line":3,"column":24}},"loc":{"start":{"line":8,"column":6},"end":{"line":68,"column":1}},"line":8},"1":{"name":"(anonymous_1)","decl":{"start":{"line":11,"column":35},"end":{"line":11,"column":36}},"loc":{"start":{"line":11,"column":41},"end":{"line":22,"column":5}},"line":11},"2":{"name":"(anonymous_2)","decl":{"start":{"line":12,"column":39},"end":{"line":12,"column":40}},"loc":{"start":{"line":12,"column":57},"end":{"line":16,"column":9}},"line":12},"3":{"name":"(anonymous_3)","decl":{"start":{"line":32,"column":30},"end":{"line":32,"column":31}},"loc":{"start":{"line":32,"column":37},"end":{"line":32,"column":69}},"line":32},"4":{"name":"(anonymous_4)","decl":{"start":{"line":35,"column":36},"end":{"line":35,"column":37}},"loc":{"start":{"line":36,"column":24},"end":{"line":38,"column":33}},"line":36},"5":{"name":"(anonymous_5)","decl":{"start":{"line":45,"column":32},"end":{"line":45,"column":33}},"loc":{"start":{"line":46,"column":20},"end":{"line":63,"column":29}},"line":46},"6":{"name":"(anonymous_6)","decl":{"start":{"line":48,"column":33},"end":{"line":48,"column":34}},"loc":{"start":{"line":48,"column":39},"end":{"line":48,"column":65}},"line":48}},"branchMap":{"0":{"loc":{"start":{"line":7,"column":4},"end":{"line":7,"column":17}},"type":"default-arg","locations":[{"start":{"line":7,"column":15},"end":{"line":7,"column":17}}],"line":7},"1":{"loc":{"start":{"line":14,"column":24},"end":{"line":14,"column":37}},"type":"binary-expr","locations":[{"start":{"line":14,"column":24},"end":{"line":14,"column":32}},{"start":{"line":14,"column":36},"end":{"line":14,"column":37}}],"line":14},"2":{"loc":{"start":{"line":37,"column":41},"end":{"line":37,"column":70}},"type":"binary-expr","locations":[{"start":{"line":37,"column":41},"end":{"line":37,"column":65}},{"start":{"line":37,"column":69},"end":{"line":37,"column":70}}],"line":37},"3":{"loc":{"start":{"line":49,"column":136},"end":{"line":51,"column":67}},"type":"cond-expr","locations":[{"start":{"line":50,"column":34},"end":{"line":50,"column":79}},{"start":{"line":51,"column":34},"end":{"line":51,"column":67}}],"line":49},"4":{"loc":{"start":{"line":56,"column":75},"end":{"line":58,"column":65}},"type":"cond-expr","locations":[{"start":{"line":57,"column":38},"end":{"line":57,"column":61}},{"start":{"line":58,"column":38},"end":{"line":58,"column":65}}],"line":56},"5":{"loc":{"start":{"line":61,"column":29},"end":{"line":61,"column":58}},"type":"binary-expr","locations":[{"start":{"line":61,"column":29},"end":{"line":61,"column":53}},{"start":{"line":61,"column":57},"end":{"line":61,"column":58}}],"line":61}},"s":{"0":3,"1":29,"2":14,"3":20,"4":20,"5":20,"6":14,"7":14,"8":29,"9":1,"10":187,"11":187,"12":2},"f":{"0":29,"1":14,"2":20,"3":1,"4":187,"5":187,"6":2},"b":{"0":[0],"1":[20,16],"2":[187,163],"3":[29,158],"4":[29,158],"5":[187,163]},"_coverageSchema":"1a1c01bbd47fc00a2c39e90264f33305004495a9","hash":"d56f809641b18aa3a4d3775f83961b97e7d75223"}
,"C:\\Users\\Manoj\\OneDrive\\Desktop\\estore2\\eStore\\frontend\\src\\components\\CheckoutForm.js": {"path":"C:\\Users\\Manoj\\OneDrive\\Desktop\\estore2\\eStore\\frontend\\src\\components\\CheckoutForm.js","statementMap":{"0":{"start":{"line":10,"column":22},"end":{"line":10,"column":95}},"1":{"start":{"line":12,"column":28},"end":{"line":233,"column":1}},"2":{"start":{"line":13,"column":17},"end":{"line":13,"column":28}},"3":{"start":{"line":14,"column":19},"end":{"line":14,"column":32}},"4":{"start":{"line":15,"column":44},"end":{"line":15,"column":53}},"5":{"start":{"line":16,"column":19},"end":{"line":16,"column":28}},"6":{"start":{"line":17,"column":19},"end":{"line":17,"column":32}},"7":{"start":{"line":18,"column":32},"end":{"line":18,"column":47}},"8":{"start":{"line":19,"column":28},"end":{"line":19,"column":40}},"9":{"start":{"line":20,"column":42},"end":{"line":25,"column":4}},"10":{"start":{"line":27,"column":31},"end":{"line":32,"column":3}},"11":{"start":{"line":28,"column":4},"end":{"line":31,"column":7}},"12":{"start":{"line":34,"column":23},"end":{"line":113,"column":3}},"13":{"start":{"line":35,"column":4},"end":{"line":35,"column":23}},"14":{"start":{"line":37,"column":4},"end":{"line":39,"column":5}},"15":{"start":{"line":38,"column":6},"end":{"line":38,"column":13}},"16":{"start":{"line":41,"column":4},"end":{"line":41,"column":21}},"17":{"start":{"line":42,"column":4},"end":{"line":42,"column":17}},"18":{"start":{"line":44,"column":24},"end":{"line":44,"column":56}},"19":{"start":{"line":47,"column":4},"end":{"line":51,"column":5}},"20":{"start":{"line":48,"column":6},"end":{"line":48,"column":53}},"21":{"start":{"line":49,"column":6},"end":{"line":49,"column":24}},"22":{"start":{"line":50,"column":6},"end":{"line":50,"column":13}},"23":{"start":{"line":53,"column":4},"end":{"line":110,"column":5}},"24":{"start":{"line":55,"column":23},"end":{"line":66,"column":8}},"25":{"start":{"line":68,"column":6},"end":{"line":70,"column":7}},"26":{"start":{"line":69,"column":8},"end":{"line":69,"column":56}},"27":{"start":{"line":72,"column":37},"end":{"line":72,"column":58}},"28":{"start":{"line":76,"column":6},"end":{"line":98,"column":7}},"29":{"start":{"line":78,"column":8},"end":{"line":78,"column":48}},"30":{"start":{"line":79,"column":8},"end":{"line":79,"column":52}},"31":{"start":{"line":79,"column":31},"end":{"line":79,"column":50}},"32":{"start":{"line":80,"column":8},"end":{"line":80,"column":67}},"33":{"start":{"line":82,"column":23},"end":{"line":96,"column":10}},"34":{"start":{"line":97,"column":8},"end":{"line":97,"column":31}},"35":{"start":{"line":100,"column":52},"end":{"line":100,"column":65}},"36":{"start":{"line":102,"column":6},"end":{"line":107,"column":7}},"37":{"start":{"line":103,"column":8},"end":{"line":103,"column":38}},"38":{"start":{"line":104,"column":13},"end":{"line":107,"column":7}},"39":{"start":{"line":105,"column":8},"end":{"line":105,"column":20}},"40":{"start":{"line":106,"column":8},"end":{"line":106,"column":28}},"41":{"start":{"line":109,"column":6},"end":{"line":109,"column":67}},"42":{"start":{"line":112,"column":4},"end":{"line":112,"column":22}},"43":{"start":{"line":115,"column":29},"end":{"line":128,"column":3}},"44":{"start":{"line":130,"column":2},"end":{"line":232,"column":4}},"45":{"start":{"line":204,"column":12},"end":{"line":207,"column":18}},"46":{"start":{"line":235,"column":21},"end":{"line":241,"column":1}},"47":{"start":{"line":236,"column":2},"end":{"line":240,"column":4}}},"fnMap":{"0":{"name":"(anonymous_0)","decl":{"start":{"line":12,"column":28},"end":{"line":12,"column":29}},"loc":{"start":{"line":12,"column":34},"end":{"line":233,"column":1}},"line":12},"1":{"name":"(anonymous_1)","decl":{"start":{"line":27,"column":31},"end":{"line":27,"column":32}},"loc":{"start":{"line":27,"column":38},"end":{"line":32,"column":3}},"line":27},"2":{"name":"(anonymous_2)","decl":{"start":{"line":34,"column":23},"end":{"line":34,"column":24}},"loc":{"start":{"line":34,"column":36},"end":{"line":113,"column":3}},"line":34},"3":{"name":"(anonymous_3)","decl":{"start":{"line":79,"column":26},"end":{"line":79,"column":27}},"loc":{"start":{"line":79,"column":31},"end":{"line":79,"column":50}},"line":79},"4":{"name":"(anonymous_4)","decl":{"start":{"line":203,"column":20},"end":{"line":203,"column":21}},"loc":{"start":{"line":204,"column":12},"end":{"line":207,"column":18}},"line":204},"5":{"name":"(anonymous_5)","decl":{"start":{"line":235,"column":21},"end":{"line":235,"column":22}},"loc":{"start":{"line":235,"column":27},"end":{"line":241,"column":1}},"line":235}},"branchMap":{"0":{"loc":{"start":{"line":10,"column":33},"end":{"line":10,"column":94}},"type":"binary-expr","locations":[{"start":{"line":10,"column":33},"end":{"line":10,"column":77}},{"start":{"line":10,"column":81},"end":{"line":10,"column":94}}],"line":10},"1":{"loc":{"start":{"line":37,"column":4},"end":{"line":39,"column":5}},"type":"if","locations":[{"start":{"line":37,"column":4},"end":{"line":39,"column":5}},{"start":{},"end":{}}],"line":37},"2":{"loc":{"start":{"line":37,"column":8},"end":{"line":37,"column":28}},"type":"binary-expr","locations":[{"start":{"line":37,"column":8},"end":{"line":37,"column":15}},{"start":{"line":37,"column":19},"end":{"line":37,"column":28}}],"line":37},"3":{"loc":{"start":{"line":47,"column":4},"end":{"line":51,"column":5}},"type":"if","locations":[{"start":{"line":47,"column":4},"end":{"line":51,"column":5}},{"start":{},"end":{}}],"line":47},"4":{"loc":{"start":{"line":47,"column":8},"end":{"line":47,"column":101}},"type":"binary-expr","locations":[{"start":{"line":47,"column":8},"end":{"line":47,"column":29}},{"start":{"line":47,"column":33},"end":{"line":47,"column":51}},{"start":{"line":47,"column":55},"end":{"line":47,"column":76}},{"start":{"line":47,"column":80},"end":{"line":47,"column":101}}],"line":47},"5":{"loc":{"start":{"line":68,"column":6},"end":{"line":70,"column":7}},"type":"if","locations":[{"start":{"line":68,"column":6},"end":{"line":70,"column":7}},{"start":{},"end":{}}],"line":68},"6":{"loc":{"start":{"line":76,"column":6},"end":{"line":98,"column":7}},"type":"if","locations":[{"start":{"line":76,"column":6},"end":{"line":98,"column":7}},{"start":{"line":81,"column":13},"end":{"line":98,"column":7}}],"line":76},"7":{"loc":{"start":{"line":102,"column":6},"end":{"line":107,"column":7}},"type":"if","locations":[{"start":{"line":102,"column":6},"end":{"line":107,"column":7}},{"start":{"line":104,"column":13},"end":{"line":107,"column":7}}],"line":102},"8":{"loc":{"start":{"line":104,"column":13},"end":{"line":107,"column":7}},"type":"if","locations":[{"start":{"line":104,"column":13},"end":{"line":107,"column":7}},{"start":{},"end":{}}],"line":104},"9":{"loc":{"start":{"line":104,"column":17},"end":{"line":104,"column":70}},"type":"binary-expr","locations":[{"start":{"line":104,"column":17},"end":{"line":104,"column":30}},{"start":{"line":104,"column":34},"end":{"line":104,"column":70}}],"line":104},"10":{"loc":{"start":{"line":109,"column":15},"end":{"line":109,"column":65}},"type":"binary-expr","locations":[{"start":{"line":109,"column":15},"end":{"line":109,"column":26}},{"start":{"line":109,"column":30},"end":{"line":109,"column":65}}],"line":109},"11":{"loc":{"start":{"line":218,"column":7},"end":{"line":222,"column":7}},"type":"binary-expr","locations":[{"start":{"line":218,"column":7},"end":{"line":218,"column":12}},{"start":{"line":219,"column":8},"end":{"line":221,"column":14}}],"line":218},"12":{"loc":{"start":{"line":226,"column":18},"end":{"line":226,"column":36}},"type":"binary-expr","locations":[{"start":{"line":226,"column":18},"end":{"line":226,"column":25}},{"start":{"line":226,"column":29},"end":{"line":226,"column":36}}],"line":226},"13":{"loc":{"start":{"line":229,"column":9},"end":{"line":229,"column":72}},"type":"cond-expr","locations":[{"start":{"line":229,"column":19},"end":{"line":229,"column":34}},{"start":{"line":229,"column":37},"end":{"line":229,"column":72}}],"line":229}},"s":{"0":0,"1":0,"2":0,"3":0,"4":0,"5":0,"6":0,"7":0,"8":0,"9":0,"10":0,"11":0,"12":0,"13":0,"14":0,"15":0,"16":0,"17":0,"18":0,"19":0,"20":0,"21":0,"22":0,"23":0,"24":0,"25":0,"26":0,"27":0,"28":0,"29":0,"30":0,"31":0,"32":0,"33":0,"34":0,"35":0,"36":0,"37":0,"38":0,"39":0,"40":0,"41":0,"42":0,"43":0,"44":0,"45":0,"46":0,"47":0},"f":{"0":0,"1":0,"2":0,"3":0,"4":0,"5":0},"b":{"0":[0,0],"1":[0,0],"2":[0,0],"3":[0,0],"4":[0,0,0,0],"5":[0,0],"6":[0,0],"7":[0,0],"8":[0,0],"9":[0,0],"10":[0,0],"11":[0,0],"12":[0,0],"13":[0,0]}}
,"C:\\Users\\Manoj\\OneDrive\\Desktop\\estore2\\eStore\\frontend\\src\\components\\ErrorBoundary.js": {"path":"C:\\Users\\Manoj\\OneDrive\\Desktop\\estore2\\eStore\\frontend\\src\\components\\ErrorBoundary.js","statementMap":{"0":{"start":{"line":6,"column":8},"end":{"line":6,"column":21}},"1":{"start":{"line":7,"column":8},"end":{"line":7,"column":71}},"2":{"start":{"line":11,"column":8},"end":{"line":11,"column":41}},"3":{"start":{"line":15,"column":8},"end":{"line":15,"column":59}},"4":{"start":{"line":16,"column":8},"end":{"line":16,"column":37}},"5":{"start":{"line":20,"column":18},"end":{"line":23,"column":5}},"6":{"start":{"line":21,"column":8},"end":{"line":21,"column":73}},"7":{"start":{"line":22,"column":8},"end":{"line":22,"column":33}},"8":{"start":{"line":26,"column":8},"end":{"line":59,"column":9}},"9":{"start":{"line":27,"column":12},"end":{"line":58,"column":14}},"10":{"start":{"line":61,"column":8},"end":{"line":61,"column":35}}},"fnMap":{"0":{"name":"(anonymous_0)","decl":{"start":{"line":5,"column":4},"end":{"line":5,"column":5}},"loc":{"start":{"line":5,"column":23},"end":{"line":8,"column":5}},"line":5},"1":{"name":"(anonymous_1)","decl":{"start":{"line":10,"column":4},"end":{"line":10,"column":5}},"loc":{"start":{"line":10,"column":43},"end":{"line":12,"column":5}},"line":10},"2":{"name":"(anonymous_2)","decl":{"start":{"line":14,"column":4},"end":{"line":14,"column":5}},"loc":{"start":{"line":14,"column":40},"end":{"line":18,"column":5}},"line":14},"3":{"name":"(anonymous_3)","decl":{"start":{"line":20,"column":18},"end":{"line":20,"column":19}},"loc":{"start":{"line":20,"column":24},"end":{"line":23,"column":5}},"line":20},"4":{"name":"(anonymous_4)","decl":{"start":{"line":25,"column":4},"end":{"line":25,"column":5}},"loc":{"start":{"line":25,"column":13},"end":{"line":62,"column":5}},"line":25}},"branchMap":{"0":{"loc":{"start":{"line":26,"column":8},"end":{"line":59,"column":9}},"type":"if","locations":[{"start":{"line":26,"column":8},"end":{"line":59,"column":9}},{"start":{},"end":{}}],"line":26},"1":{"loc":{"start":{"line":43,"column":25},"end":{"line":47,"column":25}},"type":"binary-expr","locations":[{"start":{"line":43,"column":25},"end":{"line":43,"column":63}},{"start":{"line":43,"column":67},"end":{"line":43,"column":83}},{"start":{"line":44,"column":28},"end":{"line":46,"column":34}}],"line":43}},"s":{"0":0,"1":0,"2":0,"3":0,"4":0,"5":0,"6":0,"7":0,"8":0,"9":0,"10":0},"f":{"0":0,"1":0,"2":0,"3":0,"4":0},"b":{"0":[0,0],"1":[0,0,0]}}
,"C:\\Users\\Manoj\\OneDrive\\Desktop\\estore2\\eStore\\frontend\\src\\components\\Footer.js": {"path":"C:\\Users\\Manoj\\OneDrive\\Desktop\\estore2\\eStore\\frontend\\src\\components\\Footer.js","statementMap":{"0":{"start":{"line":13,"column":15},"end":{"line":133,"column":1}},"1":{"start":{"line":14,"column":28},"end":{"line":14,"column":40}},"2":{"start":{"line":15,"column":42},"end":{"line":15,"column":57}},"3":{"start":{"line":17,"column":26},"end":{"line":25,"column":3}},"4":{"start":{"line":18,"column":4},"end":{"line":18,"column":23}},"5":{"start":{"line":19,"column":4},"end":{"line":24,"column":5}},"6":{"start":{"line":20,"column":6},"end":{"line":20,"column":28}},"7":{"start":{"line":21,"column":6},"end":{"line":21,"column":19}},"8":{"start":{"line":23,"column":6},"end":{"line":23,"column":53}},"9":{"start":{"line":23,"column":23},"end":{"line":23,"column":45}},"10":{"start":{"line":27,"column":2},"end":{"line":132,"column":4}},"11":{"start":{"line":90,"column":35},"end":{"line":90,"column":59}}},"fnMap":{"0":{"name":"(anonymous_0)","decl":{"start":{"line":13,"column":15},"end":{"line":13,"column":16}},"loc":{"start":{"line":13,"column":21},"end":{"line":133,"column":1}},"line":13},"1":{"name":"(anonymous_1)","decl":{"start":{"line":17,"column":26},"end":{"line":17,"column":27}},"loc":{"start":{"line":17,"column":33},"end":{"line":25,"column":3}},"line":17},"2":{"name":"(anonymous_2)","decl":{"start":{"line":23,"column":17},"end":{"line":23,"column":18}},"loc":{"start":{"line":23,"column":23},"end":{"line":23,"column":45}},"line":23},"3":{"name":"(anonymous_3)","decl":{"start":{"line":90,"column":28},"end":{"line":90,"column":29}},"loc":{"start":{"line":90,"column":35},"end":{"line":90,"column":59}},"line":90}},"branchMap":{"0":{"loc":{"start":{"line":19,"column":4},"end":{"line":24,"column":5}},"type":"if","locations":[{"start":{"line":19,"column":4},"end":{"line":24,"column":5}},{"start":{},"end":{}}],"line":19},"1":{"loc":{"start":{"line":101,"column":17},"end":{"line":101,"column":71}},"type":"cond-expr","locations":[{"start":{"line":101,"column":32},"end":{"line":101,"column":57}},{"start":{"line":101,"column":60},"end":{"line":101,"column":71}}],"line":101}},"s":{"0":1,"1":6,"2":6,"3":6,"4":1,"5":1,"6":1,"7":1,"8":1,"9":0,"10":6,"11":1},"f":{"0":6,"1":1,"2":0,"3":1},"b":{"0":[1,0],"1":[1,5]},"_coverageSchema":"1a1c01bbd47fc00a2c39e90264f33305004495a9","hash":"cc6b521d57899286fa84aef3a424ad047f5c16b2"}
,"C:\\Users\\Manoj\\OneDrive\\Desktop\\estore2\\eStore\\frontend\\src\\components\\Header.js": {"path":"C:\\Users\\Manoj\\OneDrive\\Desktop\\estore2\\eStore\\frontend\\src\\components\\Header.js","statementMap":{"0":{"start":{"line":20,"column":15},"end":{"line":306,"column":1}},"1":{"start":{"line":21,"column":50},"end":{"line":21,"column":65}},"2":{"start":{"line":22,"column":46},"end":{"line":22,"column":61}},"3":{"start":{"line":23,"column":40},"end":{"line":23,"column":52}},"4":{"start":{"line":25,"column":27},"end":{"line":25,"column":36}},"5":{"start":{"line":26,"column":32},"end":{"line":26,"column":41}},"6":{"start":{"line":27,"column":23},"end":{"line":27,"column":36}},"7":{"start":{"line":28,"column":19},"end":{"line":28,"column":32}},"8":{"start":{"line":29,"column":19},"end":{"line":29,"column":32}},"9":{"start":{"line":30,"column":22},"end":{"line":30,"column":34}},"10":{"start":{"line":33,"column":2},"end":{"line":41,"column":9}},"11":{"start":{"line":34,"column":31},"end":{"line":38,"column":5}},"12":{"start":{"line":35,"column":6},"end":{"line":37,"column":7}},"13":{"start":{"line":36,"column":8},"end":{"line":36,"column":33}},"14":{"start":{"line":39,"column":4},"end":{"line":39,"column":63}},"15":{"start":{"line":40,"column":4},"end":{"line":40,"column":79}},"16":{"start":{"line":40,"column":17},"end":{"line":40,"column":78}},"17":{"start":{"line":44,"column":2},"end":{"line":46,"column":17}},"18":{"start":{"line":45,"column":4},"end":{"line":45,"column":31}},"19":{"start":{"line":48,"column":23},"end":{"line":52,"column":3}},"20":{"start":{"line":49,"column":4},"end":{"line":49,"column":13}},"21":{"start":{"line":50,"column":4},"end":{"line":50,"column":18}},"22":{"start":{"line":51,"column":4},"end":{"line":51,"column":29}},"23":{"start":{"line":54,"column":23},"end":{"line":65,"column":3}},"24":{"start":{"line":55,"column":4},"end":{"line":55,"column":23}},"25":{"start":{"line":56,"column":4},"end":{"line":64,"column":5}},"26":{"start":{"line":61,"column":6},"end":{"line":61,"column":70}},"27":{"start":{"line":62,"column":6},"end":{"line":62,"column":25}},"28":{"start":{"line":63,"column":6},"end":{"line":63,"column":33}},"29":{"start":{"line":67,"column":19},"end":{"line":72,"column":3}},"30":{"start":{"line":74,"column":2},"end":{"line":305,"column":4}},"31":{"start":{"line":92,"column":14},"end":{"line":101,"column":21}},"32":{"start":{"line":126,"column":33},"end":{"line":126,"column":63}},"33":{"start":{"line":158,"column":33},"end":{"line":158,"column":67}},"34":{"start":{"line":187,"column":41},"end":{"line":187,"column":65}},"35":{"start":{"line":195,"column":41},"end":{"line":195,"column":65}},"36":{"start":{"line":235,"column":29},"end":{"line":235,"column":67}},"37":{"start":{"line":250,"column":31},"end":{"line":250,"column":61}},"38":{"start":{"line":269,"column":16},"end":{"line":279,"column":23}},"39":{"start":{"line":276,"column":33},"end":{"line":276,"column":59}},"40":{"start":{"line":287,"column":35},"end":{"line":287,"column":61}},"41":{"start":{"line":294,"column":35},"end":{"line":294,"column":61}}},"fnMap":{"0":{"name":"(anonymous_0)","decl":{"start":{"line":20,"column":15},"end":{"line":20,"column":16}},"loc":{"start":{"line":20,"column":21},"end":{"line":306,"column":1}},"line":20},"1":{"name":"(anonymous_1)","decl":{"start":{"line":33,"column":12},"end":{"line":33,"column":13}},"loc":{"start":{"line":33,"column":18},"end":{"line":41,"column":3}},"line":33},"2":{"name":"(anonymous_2)","decl":{"start":{"line":34,"column":31},"end":{"line":34,"column":32}},"loc":{"start":{"line":34,"column":42},"end":{"line":38,"column":5}},"line":34},"3":{"name":"(anonymous_3)","decl":{"start":{"line":40,"column":11},"end":{"line":40,"column":12}},"loc":{"start":{"line":40,"column":17},"end":{"line":40,"column":78}},"line":40},"4":{"name":"(anonymous_4)","decl":{"start":{"line":44,"column":12},"end":{"line":44,"column":13}},"loc":{"start":{"line":44,"column":18},"end":{"line":46,"column":3}},"line":44},"5":{"name":"(anonymous_5)","decl":{"start":{"line":48,"column":23},"end":{"line":48,"column":24}},"loc":{"start":{"line":48,"column":29},"end":{"line":52,"column":3}},"line":48},"6":{"name":"(anonymous_6)","decl":{"start":{"line":54,"column":23},"end":{"line":54,"column":24}},"loc":{"start":{"line":54,"column":30},"end":{"line":65,"column":3}},"line":54},"7":{"name":"(anonymous_7)","decl":{"start":{"line":91,"column":26},"end":{"line":91,"column":27}},"loc":{"start":{"line":92,"column":14},"end":{"line":101,"column":21}},"line":92},"8":{"name":"(anonymous_8)","decl":{"start":{"line":126,"column":26},"end":{"line":126,"column":27}},"loc":{"start":{"line":126,"column":33},"end":{"line":126,"column":63}},"line":126},"9":{"name":"(anonymous_9)","decl":{"start":{"line":158,"column":27},"end":{"line":158,"column":28}},"loc":{"start":{"line":158,"column":33},"end":{"line":158,"column":67}},"line":158},"10":{"name":"(anonymous_10)","decl":{"start":{"line":187,"column":35},"end":{"line":187,"column":36}},"loc":{"start":{"line":187,"column":41},"end":{"line":187,"column":65}},"line":187},"11":{"name":"(anonymous_11)","decl":{"start":{"line":195,"column":35},"end":{"line":195,"column":36}},"loc":{"start":{"line":195,"column":41},"end":{"line":195,"column":65}},"line":195},"12":{"name":"(anonymous_12)","decl":{"start":{"line":235,"column":23},"end":{"line":235,"column":24}},"loc":{"start":{"line":235,"column":29},"end":{"line":235,"column":67}},"line":235},"13":{"name":"(anonymous_13)","decl":{"start":{"line":250,"column":24},"end":{"line":250,"column":25}},"loc":{"start":{"line":250,"column":31},"end":{"line":250,"column":61}},"line":250},"14":{"name":"(anonymous_14)","decl":{"start":{"line":268,"column":28},"end":{"line":268,"column":29}},"loc":{"start":{"line":269,"column":16},"end":{"line":279,"column":23}},"line":269},"15":{"name":"(anonymous_15)","decl":{"start":{"line":276,"column":27},"end":{"line":276,"column":28}},"loc":{"start":{"line":276,"column":33},"end":{"line":276,"column":59}},"line":276},"16":{"name":"(anonymous_16)","decl":{"start":{"line":287,"column":29},"end":{"line":287,"column":30}},"loc":{"start":{"line":287,"column":35},"end":{"line":287,"column":61}},"line":287},"17":{"name":"(anonymous_17)","decl":{"start":{"line":294,"column":29},"end":{"line":294,"column":30}},"loc":{"start":{"line":294,"column":35},"end":{"line":294,"column":61}},"line":294}},"branchMap":{"0":{"loc":{"start":{"line":35,"column":6},"end":{"line":37,"column":7}},"type":"if","locations":[{"start":{"line":35,"column":6},"end":{"line":37,"column":7}},{"start":{},"end":{}}],"line":35},"1":{"loc":{"start":{"line":35,"column":10},"end":{"line":35,"column":76}},"type":"binary-expr","locations":[{"start":{"line":35,"column":10},"end":{"line":35,"column":29}},{"start":{"line":35,"column":33},"end":{"line":35,"column":76}}],"line":35},"2":{"loc":{"start":{"line":56,"column":4},"end":{"line":64,"column":5}},"type":"if","locations":[{"start":{"line":56,"column":4},"end":{"line":64,"column":5}},{"start":{},"end":{}}],"line":56},"3":{"loc":{"start":{"line":95,"column":87},"end":{"line":97,"column":35}},"type":"cond-expr","locations":[{"start":{"line":96,"column":20},"end":{"line":96,"column":34}},{"start":{"line":97,"column":20},"end":{"line":97,"column":35}}],"line":95},"4":{"loc":{"start":{"line":105,"column":13},"end":{"line":116,"column":13}},"type":"binary-expr","locations":[{"start":{"line":105,"column":13},"end":{"line":105,"column":35}},{"start":{"line":106,"column":14},"end":{"line":115,"column":21}}],"line":105},"5":{"loc":{"start":{"line":108,"column":101},"end":{"line":110,"column":56}},"type":"cond-expr","locations":[{"start":{"line":109,"column":20},"end":{"line":109,"column":51}},{"start":{"line":110,"column":20},"end":{"line":110,"column":56}}],"line":108},"6":{"loc":{"start":{"line":138,"column":15},"end":{"line":142,"column":15}},"type":"binary-expr","locations":[{"start":{"line":138,"column":15},"end":{"line":138,"column":34}},{"start":{"line":139,"column":16},"end":{"line":141,"column":23}}],"line":138},"7":{"loc":{"start":{"line":147,"column":15},"end":{"line":151,"column":15}},"type":"binary-expr","locations":[{"start":{"line":147,"column":15},"end":{"line":147,"column":38}},{"start":{"line":148,"column":16},"end":{"line":150,"column":23}}],"line":147},"8":{"loc":{"start":{"line":155,"column":13},"end":{"line":231,"column":13}},"type":"cond-expr","locations":[{"start":{"line":156,"column":14},"end":{"line":215,"column":20}},{"start":{"line":217,"column":14},"end":{"line":230,"column":20}}],"line":155},"9":{"loc":{"start":{"line":167,"column":90},"end":{"line":167,"column":124}},"type":"cond-expr","locations":[{"start":{"line":167,"column":107},"end":{"line":167,"column":119}},{"start":{"line":167,"column":122},"end":{"line":167,"column":124}}],"line":167},"10":{"loc":{"start":{"line":171,"column":19},"end":{"line":213,"column":19}},"type":"binary-expr","locations":[{"start":{"line":171,"column":19},"end":{"line":171,"column":33}},{"start":{"line":172,"column":20},"end":{"line":212,"column":33}}],"line":171},"11":{"loc":{"start":{"line":238,"column":15},"end":{"line":238,"column":70}},"type":"cond-expr","locations":[{"start":{"line":238,"column":34},"end":{"line":238,"column":49}},{"start":{"line":238,"column":52},"end":{"line":238,"column":70}}],"line":238},"12":{"loc":{"start":{"line":260,"column":9},"end":{"line":302,"column":9}},"type":"binary-expr","locations":[{"start":{"line":260,"column":9},"end":{"line":260,"column":25}},{"start":{"line":261,"column":10},"end":{"line":301,"column":23}}],"line":260},"13":{"loc":{"start":{"line":272,"column":73},"end":{"line":274,"column":54}},"type":"cond-expr","locations":[{"start":{"line":273,"column":22},"end":{"line":273,"column":50}},{"start":{"line":274,"column":22},"end":{"line":274,"column":54}}],"line":272},"14":{"loc":{"start":{"line":282,"column":15},"end":{"line":299,"column":15}},"type":"binary-expr","locations":[{"start":{"line":282,"column":15},"end":{"line":282,"column":20}},{"start":{"line":283,"column":16},"end":{"line":298,"column":22}}],"line":282}},"s":{"0":2,"1":18,"2":18,"3":18,"4":18,"5":18,"6":18,"7":18,"8":18,"9":18,"10":18,"11":12,"12":0,"13":0,"14":12,"15":12,"16":12,"17":18,"18":13,"19":18,"20":1,"21":1,"22":1,"23":18,"24":0,"25":0,"26":0,"27":0,"28":0,"29":18,"30":18,"31":72,"32":1,"33":1,"34":0,"35":0,"36":0,"37":0,"38":0,"39":0,"40":0,"41":0},"f":{"0":18,"1":12,"2":0,"3":12,"4":13,"5":1,"6":0,"7":72,"8":1,"9":1,"10":0,"11":0,"12":0,"13":0,"14":0,"15":0,"16":0,"17":0},"b":{"0":[0,0],"1":[0,0],"2":[0,0],"3":[18,54],"4":[18,1],"5":[0,1],"6":[18,1],"7":[18,1],"8":[7,11],"9":[2,5],"10":[7,2],"11":[0,18],"12":[18,0],"13":[0,0],"14":[0,0]},"_coverageSchema":"1a1c01bbd47fc00a2c39e90264f33305004495a9","hash":"c076107ba9eb847c1d1c46096877fb9e1dad2954"}
,"C:\\Users\\Manoj\\OneDrive\\Desktop\\estore2\\eStore\\frontend\\src\\components\\LoginForm.js": {"path":"C:\\Users\\Manoj\\OneDrive\\Desktop\\estore2\\eStore\\frontend\\src\\components\\LoginForm.js","statementMap":{"0":{"start":{"line":8,"column":18},"end":{"line":182,"column":1}},"1":{"start":{"line":9,"column":34},"end":{"line":12,"column":4}},"2":{"start":{"line":13,"column":32},"end":{"line":16,"column":4}},"3":{"start":{"line":17,"column":30},"end":{"line":17,"column":42}},"4":{"start":{"line":18,"column":32},"end":{"line":18,"column":47}},"5":{"start":{"line":19,"column":32},"end":{"line":19,"column":47}},"6":{"start":{"line":20,"column":20},"end":{"line":20,"column":29}},"7":{"start":{"line":21,"column":19},"end":{"line":21,"column":32}},"8":{"start":{"line":24,"column":19},"end":{"line":39,"column":3}},"9":{"start":{"line":25,"column":22},"end":{"line":25,"column":24}},"10":{"start":{"line":26,"column":23},"end":{"line":26,"column":51}},"11":{"start":{"line":28,"column":4},"end":{"line":32,"column":5}},"12":{"start":{"line":29,"column":6},"end":{"line":29,"column":44}},"13":{"start":{"line":30,"column":11},"end":{"line":32,"column":5}},"14":{"start":{"line":31,"column":6},"end":{"line":31,"column":47}},"15":{"start":{"line":34,"column":4},"end":{"line":36,"column":5}},"16":{"start":{"line":35,"column":6},"end":{"line":35,"column":50}},"17":{"start":{"line":38,"column":4},"end":{"line":38,"column":21}},"18":{"start":{"line":41,"column":2},"end":{"line":46,"column":17}},"19":{"start":{"line":42,"column":29},"end":{"line":42,"column":47}},"20":{"start":{"line":43,"column":4},"end":{"line":43,"column":32}},"21":{"start":{"line":44,"column":4},"end":{"line":45,"column":56}},"22":{"start":{"line":45,"column":43},"end":{"line":45,"column":53}},"23":{"start":{"line":48,"column":23},"end":{"line":53,"column":3}},"24":{"start":{"line":49,"column":4},"end":{"line":52,"column":7}},"25":{"start":{"line":55,"column":21},"end":{"line":60,"column":3}},"26":{"start":{"line":56,"column":4},"end":{"line":59,"column":7}},"27":{"start":{"line":62,"column":23},"end":{"line":82,"column":3}},"28":{"start":{"line":63,"column":4},"end":{"line":63,"column":23}},"29":{"start":{"line":64,"column":4},"end":{"line":64,"column":25}},"30":{"start":{"line":64,"column":18},"end":{"line":64,"column":25}},"31":{"start":{"line":66,"column":4},"end":{"line":66,"column":21}},"32":{"start":{"line":67,"column":4},"end":{"line":81,"column":5}},"33":{"start":{"line":68,"column":21},"end":{"line":68,"column":67}},"34":{"start":{"line":70,"column":6},"end":{"line":75,"column":7}},"35":{"start":{"line":71,"column":8},"end":{"line":71,"column":49}},"36":{"start":{"line":72,"column":8},"end":{"line":72,"column":22}},"37":{"start":{"line":74,"column":8},"end":{"line":74,"column":84}},"38":{"start":{"line":77,"column":6},"end":{"line":77,"column":69}},"39":{"start":{"line":78,"column":6},"end":{"line":78,"column":25}},"40":{"start":{"line":80,"column":6},"end":{"line":80,"column":24}},"41":{"start":{"line":84,"column":28},"end":{"line":93,"column":3}},"42":{"start":{"line":85,"column":22},"end":{"line":85,"column":118}},"43":{"start":{"line":86,"column":4},"end":{"line":91,"column":5}},"44":{"start":{"line":87,"column":6},"end":{"line":89,"column":7}},"45":{"start":{"line":88,"column":8},"end":{"line":88,"column":74}},"46":{"start":{"line":90,"column":6},"end":{"line":90,"column":78}},"47":{"start":{"line":92,"column":4},"end":{"line":92,"column":68}},"48":{"start":{"line":95,"column":2},"end":{"line":181,"column":4}}},"fnMap":{"0":{"name":"(anonymous_0)","decl":{"start":{"line":8,"column":18},"end":{"line":8,"column":19}},"loc":{"start":{"line":8,"column":24},"end":{"line":182,"column":1}},"line":8},"1":{"name":"(anonymous_1)","decl":{"start":{"line":24,"column":19},"end":{"line":24,"column":20}},"loc":{"start":{"line":24,"column":29},"end":{"line":39,"column":3}},"line":24},"2":{"name":"(anonymous_2)","decl":{"start":{"line":41,"column":12},"end":{"line":41,"column":13}},"loc":{"start":{"line":41,"column":18},"end":{"line":46,"column":3}},"line":41},"3":{"name":"(anonymous_3)","decl":{"start":{"line":45,"column":36},"end":{"line":45,"column":37}},"loc":{"start":{"line":45,"column":43},"end":{"line":45,"column":53}},"line":45},"4":{"name":"(anonymous_4)","decl":{"start":{"line":48,"column":23},"end":{"line":48,"column":24}},"loc":{"start":{"line":48,"column":30},"end":{"line":53,"column":3}},"line":48},"5":{"name":"(anonymous_5)","decl":{"start":{"line":55,"column":21},"end":{"line":55,"column":22}},"loc":{"start":{"line":55,"column":28},"end":{"line":60,"column":3}},"line":55},"6":{"name":"(anonymous_6)","decl":{"start":{"line":62,"column":23},"end":{"line":62,"column":24}},"loc":{"start":{"line":62,"column":36},"end":{"line":82,"column":3}},"line":62},"7":{"name":"(anonymous_7)","decl":{"start":{"line":84,"column":28},"end":{"line":84,"column":29}},"loc":{"start":{"line":84,"column":43},"end":{"line":93,"column":3}},"line":84}},"branchMap":{"0":{"loc":{"start":{"line":28,"column":4},"end":{"line":32,"column":5}},"type":"if","locations":[{"start":{"line":28,"column":4},"end":{"line":32,"column":5}},{"start":{"line":30,"column":11},"end":{"line":32,"column":5}}],"line":28},"1":{"loc":{"start":{"line":30,"column":11},"end":{"line":32,"column":5}},"type":"if","locations":[{"start":{"line":30,"column":11},"end":{"line":32,"column":5}},{"start":{},"end":{}}],"line":30},"2":{"loc":{"start":{"line":34,"column":4},"end":{"line":36,"column":5}},"type":"if","locations":[{"start":{"line":34,"column":4},"end":{"line":36,"column":5}},{"start":{},"end":{}}],"line":34},"3":{"loc":{"start":{"line":44,"column":15},"end":{"line":45,"column":54}},"type":"binary-expr","locations":[{"start":{"line":44,"column":15},"end":{"line":44,"column":57}},{"start":{"line":45,"column":6},"end":{"line":45,"column":54}}],"line":44},"4":{"loc":{"start":{"line":64,"column":4},"end":{"line":64,"column":25}},"type":"if","locations":[{"start":{"line":64,"column":4},"end":{"line":64,"column":25}},{"start":{},"end":{}}],"line":64},"5":{"loc":{"start":{"line":70,"column":6},"end":{"line":75,"column":7}},"type":"if","locations":[{"start":{"line":70,"column":6},"end":{"line":75,"column":7}},{"start":{"line":73,"column":13},"end":{"line":75,"column":7}}],"line":70},"6":{"loc":{"start":{"line":74,"column":20},"end":{"line":74,"column":82}},"type":"binary-expr","locations":[{"start":{"line":74,"column":20},"end":{"line":74,"column":32}},{"start":{"line":74,"column":36},"end":{"line":74,"column":82}}],"line":74},"7":{"loc":{"start":{"line":86,"column":4},"end":{"line":91,"column":5}},"type":"if","locations":[{"start":{"line":86,"column":4},"end":{"line":91,"column":5}},{"start":{},"end":{}}],"line":86},"8":{"loc":{"start":{"line":87,"column":6},"end":{"line":89,"column":7}},"type":"if","locations":[{"start":{"line":87,"column":6},"end":{"line":89,"column":7}},{"start":{},"end":{}}],"line":87},"9":{"loc":{"start":{"line":121,"column":13},"end":{"line":123,"column":13}},"type":"binary-expr","locations":[{"start":{"line":121,"column":13},"end":{"line":121,"column":26}},{"start":{"line":121,"column":30},"end":{"line":121,"column":43}},{"start":{"line":122,"column":14},"end":{"line":122,"column":83}}],"line":121},"10":{"loc":{"start":{"line":124,"column":13},"end":{"line":126,"column":13}},"type":"binary-expr","locations":[{"start":{"line":124,"column":13},"end":{"line":124,"column":26}},{"start":{"line":124,"column":30},"end":{"line":124,"column":42}},{"start":{"line":125,"column":14},"end":{"line":125,"column":87}}],"line":124},"11":{"loc":{"start":{"line":128,"column":11},"end":{"line":130,"column":11}},"type":"binary-expr","locations":[{"start":{"line":128,"column":11},"end":{"line":128,"column":24}},{"start":{"line":128,"column":28},"end":{"line":128,"column":40}},{"start":{"line":129,"column":12},"end":{"line":129,"column":71}}],"line":128},"12":{"loc":{"start":{"line":150,"column":11},"end":{"line":152,"column":11}},"type":"binary-expr","locations":[{"start":{"line":150,"column":11},"end":{"line":150,"column":27}},{"start":{"line":150,"column":31},"end":{"line":150,"column":46}},{"start":{"line":151,"column":12},"end":{"line":151,"column":74}}],"line":150},"13":{"loc":{"start":{"line":157,"column":20},"end":{"line":157,"column":39}},"type":"binary-expr","locations":[{"start":{"line":157,"column":20},"end":{"line":157,"column":28}},{"start":{"line":157,"column":32},"end":{"line":157,"column":39}}],"line":157},"14":{"loc":{"start":{"line":160,"column":11},"end":{"line":168,"column":21}},"type":"cond-expr","locations":[{"start":{"line":161,"column":12},"end":{"line":167,"column":19}},{"start":{"line":168,"column":14},"end":{"line":168,"column":21}}],"line":160}},"s":{"0":1,"1":19,"2":19,"3":19,"4":19,"5":19,"6":19,"7":19,"8":19,"9":7,"10":7,"11":7,"12":3,"13":4,"14":0,"15":7,"16":5,"17":7,"18":19,"19":7,"20":7,"21":7,"22":4,"23":19,"24":4,"25":19,"26":0,"27":19,"28":2,"29":2,"30":0,"31":2,"32":2,"33":2,"34":2,"35":1,"36":1,"37":1,"38":0,"39":0,"40":2,"41":19,"42":38,"43":38,"44":0,"45":0,"46":0,"47":38,"48":19},"f":{"0":19,"1":7,"2":7,"3":4,"4":4,"5":0,"6":2,"7":38},"b":{"0":[3,4],"1":[0,4],"2":[5,2],"3":[7,2],"4":[0,2],"5":[1,1],"6":[1,0],"7":[0,38],"8":[0,0],"9":[19,0,0],"10":[19,0,0],"11":[19,0,0],"12":[19,0,0],"13":[19,7],"14":[2,17]},"_coverageSchema":"1a1c01bbd47fc00a2c39e90264f33305004495a9","hash":"114c539391acdb96826f1cf65cfe1187f930ac66"}
,"C:\\Users\\Manoj\\OneDrive\\Desktop\\estore2\\eStore\\frontend\\src\\components\\PasswordStrengthIndicator.js": {"path":"C:\\Users\\Manoj\\OneDrive\\Desktop\\estore2\\eStore\\frontend\\src\\components\\PasswordStrengthIndicator.js","statementMap":{"0":{"start":{"line":4,"column":34},"end":{"line":67,"column":1}},"1":{"start":{"line":5,"column":24},"end":{"line":14,"column":5}},"2":{"start":{"line":6,"column":20},"end":{"line":6,"column":21}},"3":{"start":{"line":7,"column":8},"end":{"line":7,"column":28}},"4":{"start":{"line":7,"column":19},"end":{"line":7,"column":28}},"5":{"start":{"line":8,"column":8},"end":{"line":8,"column":37}},"6":{"start":{"line":8,"column":29},"end":{"line":8,"column":37}},"7":{"start":{"line":9,"column":8},"end":{"line":9,"column":38}},"8":{"start":{"line":9,"column":30},"end":{"line":9,"column":38}},"9":{"start":{"line":10,"column":8},"end":{"line":10,"column":40}},"10":{"start":{"line":10,"column":32},"end":{"line":10,"column":40}},"11":{"start":{"line":11,"column":8},"end":{"line":11,"column":40}},"12":{"start":{"line":11,"column":32},"end":{"line":11,"column":40}},"13":{"start":{"line":12,"column":8},"end":{"line":12,"column":47}},"14":{"start":{"line":12,"column":39},"end":{"line":12,"column":47}},"15":{"start":{"line":13,"column":8},"end":{"line":13,"column":21}},"16":{"start":{"line":16,"column":21},"end":{"line":16,"column":42}},"17":{"start":{"line":18,"column":21},"end":{"line":23,"column":5}},"18":{"start":{"line":19,"column":8},"end":{"line":19,"column":42}},"19":{"start":{"line":19,"column":28},"end":{"line":19,"column":42}},"20":{"start":{"line":20,"column":8},"end":{"line":20,"column":40}},"21":{"start":{"line":20,"column":26},"end":{"line":20,"column":40}},"22":{"start":{"line":21,"column":8},"end":{"line":21,"column":42}},"23":{"start":{"line":21,"column":26},"end":{"line":21,"column":42}},"24":{"start":{"line":22,"column":8},"end":{"line":22,"column":24}},"25":{"start":{"line":25,"column":21},"end":{"line":30,"column":5}},"26":{"start":{"line":26,"column":8},"end":{"line":26,"column":49}},"27":{"start":{"line":26,"column":28},"end":{"line":26,"column":49}},"28":{"start":{"line":27,"column":8},"end":{"line":27,"column":46}},"29":{"start":{"line":27,"column":26},"end":{"line":27,"column":46}},"30":{"start":{"line":28,"column":8},"end":{"line":28,"column":49}},"31":{"start":{"line":28,"column":26},"end":{"line":28,"column":49}},"32":{"start":{"line":29,"column":8},"end":{"line":29,"column":30}},"33":{"start":{"line":32,"column":25},"end":{"line":38,"column":5}},"34":{"start":{"line":40,"column":4},"end":{"line":66,"column":6}},"35":{"start":{"line":55,"column":20},"end":{"line":62,"column":26}}},"fnMap":{"0":{"name":"(anonymous_0)","decl":{"start":{"line":4,"column":34},"end":{"line":4,"column":35}},"loc":{"start":{"line":4,"column":52},"end":{"line":67,"column":1}},"line":4},"1":{"name":"(anonymous_1)","decl":{"start":{"line":5,"column":24},"end":{"line":5,"column":25}},"loc":{"start":{"line":5,"column":34},"end":{"line":14,"column":5}},"line":5},"2":{"name":"(anonymous_2)","decl":{"start":{"line":18,"column":21},"end":{"line":18,"column":22}},"loc":{"start":{"line":18,"column":27},"end":{"line":23,"column":5}},"line":18},"3":{"name":"(anonymous_3)","decl":{"start":{"line":25,"column":21},"end":{"line":25,"column":22}},"loc":{"start":{"line":25,"column":27},"end":{"line":30,"column":5}},"line":25},"4":{"name":"(anonymous_4)","decl":{"start":{"line":54,"column":34},"end":{"line":54,"column":35}},"loc":{"start":{"line":55,"column":20},"end":{"line":62,"column":26}},"line":55}},"branchMap":{"0":{"loc":{"start":{"line":7,"column":8},"end":{"line":7,"column":28}},"type":"if","locations":[{"start":{"line":7,"column":8},"end":{"line":7,"column":28}},{"start":{},"end":{}}],"line":7},"1":{"loc":{"start":{"line":8,"column":8},"end":{"line":8,"column":37}},"type":"if","locations":[{"start":{"line":8,"column":8},"end":{"line":8,"column":37}},{"start":{},"end":{}}],"line":8},"2":{"loc":{"start":{"line":9,"column":8},"end":{"line":9,"column":38}},"type":"if","locations":[{"start":{"line":9,"column":8},"end":{"line":9,"column":38}},{"start":{},"end":{}}],"line":9},"3":{"loc":{"start":{"line":10,"column":8},"end":{"line":10,"column":40}},"type":"if","locations":[{"start":{"line":10,"column":8},"end":{"line":10,"column":40}},{"start":{},"end":{}}],"line":10},"4":{"loc":{"start":{"line":11,"column":8},"end":{"line":11,"column":40}},"type":"if","locations":[{"start":{"line":11,"column":8},"end":{"line":11,"column":40}},{"start":{},"end":{}}],"line":11},"5":{"loc":{"start":{"line":12,"column":8},"end":{"line":12,"column":47}},"type":"if","locations":[{"start":{"line":12,"column":8},"end":{"line":12,"column":47}},{"start":{},"end":{}}],"line":12},"6":{"loc":{"start":{"line":19,"column":8},"end":{"line":19,"column":42}},"type":"if","locations":[{"start":{"line":19,"column":8},"end":{"line":19,"column":42}},{"start":{},"end":{}}],"line":19},"7":{"loc":{"start":{"line":20,"column":8},"end":{"line":20,"column":40}},"type":"if","locations":[{"start":{"line":20,"column":8},"end":{"line":20,"column":40}},{"start":{},"end":{}}],"line":20},"8":{"loc":{"start":{"line":21,"column":8},"end":{"line":21,"column":42}},"type":"if","locations":[{"start":{"line":21,"column":8},"end":{"line":21,"column":42}},{"start":{},"end":{}}],"line":21},"9":{"loc":{"start":{"line":26,"column":8},"end":{"line":26,"column":49}},"type":"if","locations":[{"start":{"line":26,"column":8},"end":{"line":26,"column":49}},{"start":{},"end":{}}],"line":26},"10":{"loc":{"start":{"line":27,"column":8},"end":{"line":27,"column":46}},"type":"if","locations":[{"start":{"line":27,"column":8},"end":{"line":27,"column":46}},{"start":{},"end":{}}],"line":27},"11":{"loc":{"start":{"line":28,"column":8},"end":{"line":28,"column":49}},"type":"if","locations":[{"start":{"line":28,"column":8},"end":{"line":28,"column":49}},{"start":{},"end":{}}],"line":28},"12":{"loc":{"start":{"line":56,"column":25},"end":{"line":60,"column":25}},"type":"cond-expr","locations":[{"start":{"line":57,"column":28},"end":{"line":57,"column":79}},{"start":{"line":59,"column":28},"end":{"line":59,"column":74}}],"line":56},"13":{"loc":{"start":{"line":61,"column":41},"end":{"line":61,"column":71}},"type":"cond-expr","locations":[{"start":{"line":61,"column":51},"end":{"line":61,"column":66}},{"start":{"line":61,"column":69},"end":{"line":61,"column":71}}],"line":61}},"s":{"0":1,"1":30,"2":30,"3":30,"4":20,"5":10,"6":7,"7":10,"8":7,"9":10,"10":7,"11":10,"12":7,"13":10,"14":7,"15":10,"16":30,"17":30,"18":30,"19":23,"20":7,"21":0,"22":7,"23":0,"24":7,"25":30,"26":30,"27":23,"28":7,"29":0,"30":7,"31":0,"32":7,"33":30,"34":30,"35":150},"f":{"0":30,"1":30,"2":30,"3":30,"4":150},"b":{"0":[20,10],"1":[7,3],"2":[7,3],"3":[7,3],"4":[7,3],"5":[7,3],"6":[23,7],"7":[0,7],"8":[0,7],"9":[23,7],"10":[0,7],"11":[0,7],"12":[38,112],"13":[38,112]},"_coverageSchema":"1a1c01bbd47fc00a2c39e90264f33305004495a9","hash":"220f57876fb2527ab1c36be2e003f27389838f2d"}
,"C:\\Users\\Manoj\\OneDrive\\Desktop\\estore2\\eStore\\frontend\\src\\components\\ProductCard.js": {"path":"C:\\Users\\Manoj\\OneDrive\\Desktop\\estore2\\eStore\\frontend\\src\\components\\ProductCard.js","statementMap":{"0":{"start":{"line":8,"column":20},"end":{"line":95,"column":1}},"1":{"start":{"line":9,"column":24},"end":{"line":9,"column":33}},"2":{"start":{"line":10,"column":42},"end":{"line":10,"column":55}},"3":{"start":{"line":12,"column":26},"end":{"line":16,"column":3}},"4":{"start":{"line":13,"column":4},"end":{"line":13,"column":23}},"5":{"start":{"line":14,"column":4},"end":{"line":14,"column":24}},"6":{"start":{"line":15,"column":4},"end":{"line":15,"column":23}},"7":{"start":{"line":18,"column":31},"end":{"line":22,"column":3}},"8":{"start":{"line":19,"column":4},"end":{"line":19,"column":23}},"9":{"start":{"line":20,"column":4},"end":{"line":20,"column":24}},"10":{"start":{"line":21,"column":4},"end":{"line":21,"column":27}},"11":{"start":{"line":24,"column":18},"end":{"line":24,"column":43}},"12":{"start":{"line":26,"column":2},"end":{"line":94,"column":4}},"13":{"start":{"line":40,"column":14},"end":{"line":40,"column":38}},"14":{"start":{"line":41,"column":14},"end":{"line":41,"column":81}}},"fnMap":{"0":{"name":"(anonymous_0)","decl":{"start":{"line":8,"column":20},"end":{"line":8,"column":21}},"loc":{"start":{"line":8,"column":37},"end":{"line":95,"column":1}},"line":8},"1":{"name":"(anonymous_1)","decl":{"start":{"line":12,"column":26},"end":{"line":12,"column":27}},"loc":{"start":{"line":12,"column":33},"end":{"line":16,"column":3}},"line":12},"2":{"name":"(anonymous_2)","decl":{"start":{"line":18,"column":31},"end":{"line":18,"column":32}},"loc":{"start":{"line":18,"column":38},"end":{"line":22,"column":3}},"line":18},"3":{"name":"(anonymous_3)","decl":{"start":{"line":39,"column":21},"end":{"line":39,"column":22}},"loc":{"start":{"line":39,"column":28},"end":{"line":42,"column":13}},"line":39}},"branchMap":{"0":{"loc":{"start":{"line":35,"column":17},"end":{"line":35,"column":105}},"type":"binary-expr","locations":[{"start":{"line":35,"column":17},"end":{"line":35,"column":33}},{"start":{"line":35,"column":37},"end":{"line":35,"column":50}},{"start":{"line":35,"column":54},"end":{"line":35,"column":105}}],"line":35},"1":{"loc":{"start":{"line":44,"column":11},"end":{"line":48,"column":11}},"type":"binary-expr","locations":[{"start":{"line":44,"column":11},"end":{"line":44,"column":27}},{"start":{"line":45,"column":12},"end":{"line":47,"column":18}}],"line":44},"2":{"loc":{"start":{"line":53,"column":24},"end":{"line":53,"column":76}},"type":"cond-expr","locations":[{"start":{"line":53,"column":34},"end":{"line":53,"column":56}},{"start":{"line":53,"column":59},"end":{"line":53,"column":76}}],"line":53},"3":{"loc":{"start":{"line":57,"column":46},"end":{"line":57,"column":120}},"type":"cond-expr","locations":[{"start":{"line":57,"column":56},"end":{"line":57,"column":83}},{"start":{"line":57,"column":86},"end":{"line":57,"column":120}}],"line":57},"4":{"loc":{"start":{"line":75,"column":17},"end":{"line":75,"column":61}},"type":"binary-expr","locations":[{"start":{"line":75,"column":17},"end":{"line":75,"column":38}},{"start":{"line":75,"column":42},"end":{"line":75,"column":56}},{"start":{"line":75,"column":60},"end":{"line":75,"column":61}}],"line":75},"5":{"loc":{"start":{"line":75,"column":65},"end":{"line":75,"column":109}},"type":"binary-expr","locations":[{"start":{"line":75,"column":65},"end":{"line":75,"column":85}},{"start":{"line":75,"column":89},"end":{"line":75,"column":104}},{"start":{"line":75,"column":108},"end":{"line":75,"column":109}}],"line":75},"6":{"loc":{"start":{"line":85,"column":95},"end":{"line":87,"column":60}},"type":"cond-expr","locations":[{"start":{"line":86,"column":14},"end":{"line":86,"column":57}},{"start":{"line":87,"column":14},"end":{"line":87,"column":60}}],"line":85},"7":{"loc":{"start":{"line":90,"column":11},"end":{"line":90,"column":59}},"type":"cond-expr","locations":[{"start":{"line":90,"column":29},"end":{"line":90,"column":42}},{"start":{"line":90,"column":45},"end":{"line":90,"column":59}}],"line":90}},"s":{"0":3,"1":9,"2":9,"3":9,"4":1,"5":1,"6":1,"7":9,"8":1,"9":1,"10":1,"11":9,"12":9,"13":0,"14":0},"f":{"0":9,"1":1,"2":1,"3":0},"b":{"0":[9,2,0],"1":[9,2],"2":[0,9],"3":[0,9],"4":[9,5,5],"5":[9,5,5],"6":[7,2],"7":[7,2]},"_coverageSchema":"1a1c01bbd47fc00a2c39e90264f33305004495a9","hash":"c2c42b5a8df371ebf4744806385cae080eada45a"}
,"C:\\Users\\Manoj\\OneDrive\\Desktop\\estore2\\eStore\\frontend\\src\\components\\RegisterForm.js": {"path":"C:\\Users\\Manoj\\OneDrive\\Desktop\\estore2\\eStore\\frontend\\src\\components\\RegisterForm.js","statementMap":{"0":{"start":{"line":9,"column":21},"end":{"line":262,"column":1}},"1":{"start":{"line":10,"column":34},"end":{"line":15,"column":4}},"2":{"start":{"line":16,"column":32},"end":{"line":21,"column":4}},"3":{"start":{"line":22,"column":30},"end":{"line":22,"column":42}},"4":{"start":{"line":23,"column":32},"end":{"line":23,"column":47}},"5":{"start":{"line":24,"column":32},"end":{"line":24,"column":47}},"6":{"start":{"line":25,"column":23},"end":{"line":25,"column":32}},"7":{"start":{"line":26,"column":19},"end":{"line":26,"column":32}},"8":{"start":{"line":29,"column":19},"end":{"line":66,"column":3}},"9":{"start":{"line":30,"column":22},"end":{"line":30,"column":24}},"10":{"start":{"line":31,"column":23},"end":{"line":31,"column":51}},"11":{"start":{"line":33,"column":4},"end":{"line":37,"column":5}},"12":{"start":{"line":34,"column":6},"end":{"line":34,"column":47}},"13":{"start":{"line":35,"column":11},"end":{"line":37,"column":5}},"14":{"start":{"line":36,"column":6},"end":{"line":36,"column":60}},"15":{"start":{"line":39,"column":4},"end":{"line":43,"column":5}},"16":{"start":{"line":40,"column":6},"end":{"line":40,"column":44}},"17":{"start":{"line":41,"column":11},"end":{"line":43,"column":5}},"18":{"start":{"line":42,"column":6},"end":{"line":42,"column":47}},"19":{"start":{"line":45,"column":27},"end":{"line":45,"column":29}},"20":{"start":{"line":46,"column":4},"end":{"line":59,"column":5}},"21":{"start":{"line":47,"column":6},"end":{"line":47,"column":50}},"22":{"start":{"line":49,"column":6},"end":{"line":49,"column":71}},"23":{"start":{"line":49,"column":36},"end":{"line":49,"column":71}},"24":{"start":{"line":50,"column":6},"end":{"line":50,"column":73}},"25":{"start":{"line":50,"column":40},"end":{"line":50,"column":73}},"26":{"start":{"line":51,"column":6},"end":{"line":51,"column":73}},"27":{"start":{"line":51,"column":40},"end":{"line":51,"column":73}},"28":{"start":{"line":52,"column":6},"end":{"line":52,"column":70}},"29":{"start":{"line":52,"column":40},"end":{"line":52,"column":70}},"30":{"start":{"line":53,"column":6},"end":{"line":53,"column":80}},"31":{"start":{"line":53,"column":44},"end":{"line":53,"column":80}},"32":{"start":{"line":54,"column":6},"end":{"line":54,"column":105}},"33":{"start":{"line":54,"column":57},"end":{"line":54,"column":105}},"34":{"start":{"line":56,"column":6},"end":{"line":58,"column":7}},"35":{"start":{"line":57,"column":8},"end":{"line":57,"column":67}},"36":{"start":{"line":61,"column":4},"end":{"line":63,"column":5}},"37":{"start":{"line":62,"column":6},"end":{"line":62,"column":59}},"38":{"start":{"line":65,"column":4},"end":{"line":65,"column":21}},"39":{"start":{"line":68,"column":2},"end":{"line":73,"column":17}},"40":{"start":{"line":69,"column":29},"end":{"line":69,"column":47}},"41":{"start":{"line":70,"column":4},"end":{"line":70,"column":32}},"42":{"start":{"line":71,"column":4},"end":{"line":72,"column":56}},"43":{"start":{"line":72,"column":43},"end":{"line":72,"column":53}},"44":{"start":{"line":75,"column":23},"end":{"line":80,"column":3}},"45":{"start":{"line":76,"column":4},"end":{"line":79,"column":7}},"46":{"start":{"line":82,"column":21},"end":{"line":87,"column":3}},"47":{"start":{"line":83,"column":4},"end":{"line":86,"column":7}},"48":{"start":{"line":89,"column":23},"end":{"line":108,"column":3}},"49":{"start":{"line":90,"column":4},"end":{"line":90,"column":23}},"50":{"start":{"line":91,"column":4},"end":{"line":91,"column":25}},"51":{"start":{"line":91,"column":18},"end":{"line":91,"column":25}},"52":{"start":{"line":93,"column":4},"end":{"line":93,"column":21}},"53":{"start":{"line":94,"column":4},"end":{"line":107,"column":5}},"54":{"start":{"line":95,"column":21},"end":{"line":95,"column":85}},"55":{"start":{"line":96,"column":6},"end":{"line":101,"column":7}},"56":{"start":{"line":97,"column":8},"end":{"line":97,"column":64}},"57":{"start":{"line":98,"column":8},"end":{"line":98,"column":22}},"58":{"start":{"line":100,"column":8},"end":{"line":100,"column":59}},"59":{"start":{"line":103,"column":6},"end":{"line":103,"column":69}},"60":{"start":{"line":104,"column":6},"end":{"line":104,"column":25}},"61":{"start":{"line":106,"column":6},"end":{"line":106,"column":24}},"62":{"start":{"line":110,"column":28},"end":{"line":119,"column":3}},"63":{"start":{"line":111,"column":22},"end":{"line":111,"column":118}},"64":{"start":{"line":112,"column":4},"end":{"line":117,"column":5}},"65":{"start":{"line":113,"column":6},"end":{"line":115,"column":7}},"66":{"start":{"line":114,"column":8},"end":{"line":114,"column":74}},"67":{"start":{"line":116,"column":6},"end":{"line":116,"column":78}},"68":{"start":{"line":118,"column":4},"end":{"line":118,"column":68}},"69":{"start":{"line":121,"column":2},"end":{"line":261,"column":4}}},"fnMap":{"0":{"name":"(anonymous_0)","decl":{"start":{"line":9,"column":21},"end":{"line":9,"column":22}},"loc":{"start":{"line":9,"column":27},"end":{"line":262,"column":1}},"line":9},"1":{"name":"(anonymous_1)","decl":{"start":{"line":29,"column":19},"end":{"line":29,"column":20}},"loc":{"start":{"line":29,"column":29},"end":{"line":66,"column":3}},"line":29},"2":{"name":"(anonymous_2)","decl":{"start":{"line":68,"column":12},"end":{"line":68,"column":13}},"loc":{"start":{"line":68,"column":18},"end":{"line":73,"column":3}},"line":68},"3":{"name":"(anonymous_3)","decl":{"start":{"line":72,"column":36},"end":{"line":72,"column":37}},"loc":{"start":{"line":72,"column":43},"end":{"line":72,"column":53}},"line":72},"4":{"name":"(anonymous_4)","decl":{"start":{"line":75,"column":23},"end":{"line":75,"column":24}},"loc":{"start":{"line":75,"column":30},"end":{"line":80,"column":3}},"line":75},"5":{"name":"(anonymous_5)","decl":{"start":{"line":82,"column":21},"end":{"line":82,"column":22}},"loc":{"start":{"line":82,"column":28},"end":{"line":87,"column":3}},"line":82},"6":{"name":"(anonymous_6)","decl":{"start":{"line":89,"column":23},"end":{"line":89,"column":24}},"loc":{"start":{"line":89,"column":36},"end":{"line":108,"column":3}},"line":89},"7":{"name":"(anonymous_7)","decl":{"start":{"line":110,"column":28},"end":{"line":110,"column":29}},"loc":{"start":{"line":110,"column":43},"end":{"line":119,"column":3}},"line":110}},"branchMap":{"0":{"loc":{"start":{"line":33,"column":4},"end":{"line":37,"column":5}},"type":"if","locations":[{"start":{"line":33,"column":4},"end":{"line":37,"column":5}},{"start":{"line":35,"column":11},"end":{"line":37,"column":5}}],"line":33},"1":{"loc":{"start":{"line":35,"column":11},"end":{"line":37,"column":5}},"type":"if","locations":[{"start":{"line":35,"column":11},"end":{"line":37,"column":5}},{"start":{},"end":{}}],"line":35},"2":{"loc":{"start":{"line":39,"column":4},"end":{"line":43,"column":5}},"type":"if","locations":[{"start":{"line":39,"column":4},"end":{"line":43,"column":5}},{"start":{"line":41,"column":11},"end":{"line":43,"column":5}}],"line":39},"3":{"loc":{"start":{"line":41,"column":11},"end":{"line":43,"column":5}},"type":"if","locations":[{"start":{"line":41,"column":11},"end":{"line":43,"column":5}},{"start":{},"end":{}}],"line":41},"4":{"loc":{"start":{"line":46,"column":4},"end":{"line":59,"column":5}},"type":"if","locations":[{"start":{"line":46,"column":4},"end":{"line":59,"column":5}},{"start":{"line":48,"column":11},"end":{"line":59,"column":5}}],"line":46},"5":{"loc":{"start":{"line":49,"column":6},"end":{"line":49,"column":71}},"type":"if","locations":[{"start":{"line":49,"column":6},"end":{"line":49,"column":71}},{"start":{},"end":{}}],"line":49},"6":{"loc":{"start":{"line":50,"column":6},"end":{"line":50,"column":73}},"type":"if","locations":[{"start":{"line":50,"column":6},"end":{"line":50,"column":73}},{"start":{},"end":{}}],"line":50},"7":{"loc":{"start":{"line":51,"column":6},"end":{"line":51,"column":73}},"type":"if","locations":[{"start":{"line":51,"column":6},"end":{"line":51,"column":73}},{"start":{},"end":{}}],"line":51},"8":{"loc":{"start":{"line":52,"column":6},"end":{"line":52,"column":70}},"type":"if","locations":[{"start":{"line":52,"column":6},"end":{"line":52,"column":70}},{"start":{},"end":{}}],"line":52},"9":{"loc":{"start":{"line":53,"column":6},"end":{"line":53,"column":80}},"type":"if","locations":[{"start":{"line":53,"column":6},"end":{"line":53,"column":80}},{"start":{},"end":{}}],"line":53},"10":{"loc":{"start":{"line":54,"column":6},"end":{"line":54,"column":105}},"type":"if","locations":[{"start":{"line":54,"column":6},"end":{"line":54,"column":105}},{"start":{},"end":{}}],"line":54},"11":{"loc":{"start":{"line":56,"column":6},"end":{"line":58,"column":7}},"type":"if","locations":[{"start":{"line":56,"column":6},"end":{"line":58,"column":7}},{"start":{},"end":{}}],"line":56},"12":{"loc":{"start":{"line":61,"column":4},"end":{"line":63,"column":5}},"type":"if","locations":[{"start":{"line":61,"column":4},"end":{"line":63,"column":5}},{"start":{},"end":{}}],"line":61},"13":{"loc":{"start":{"line":71,"column":15},"end":{"line":72,"column":54}},"type":"binary-expr","locations":[{"start":{"line":71,"column":15},"end":{"line":71,"column":57}},{"start":{"line":72,"column":6},"end":{"line":72,"column":54}}],"line":71},"14":{"loc":{"start":{"line":91,"column":4},"end":{"line":91,"column":25}},"type":"if","locations":[{"start":{"line":91,"column":4},"end":{"line":91,"column":25}},{"start":{},"end":{}}],"line":91},"15":{"loc":{"start":{"line":96,"column":6},"end":{"line":101,"column":7}},"type":"if","locations":[{"start":{"line":96,"column":6},"end":{"line":101,"column":7}},{"start":{"line":99,"column":13},"end":{"line":101,"column":7}}],"line":96},"16":{"loc":{"start":{"line":100,"column":20},"end":{"line":100,"column":57}},"type":"binary-expr","locations":[{"start":{"line":100,"column":20},"end":{"line":100,"column":32}},{"start":{"line":100,"column":36},"end":{"line":100,"column":57}}],"line":100},"17":{"loc":{"start":{"line":112,"column":4},"end":{"line":117,"column":5}},"type":"if","locations":[{"start":{"line":112,"column":4},"end":{"line":117,"column":5}},{"start":{},"end":{}}],"line":112},"18":{"loc":{"start":{"line":113,"column":6},"end":{"line":115,"column":7}},"type":"if","locations":[{"start":{"line":113,"column":6},"end":{"line":115,"column":7}},{"start":{},"end":{}}],"line":113},"19":{"loc":{"start":{"line":147,"column":13},"end":{"line":149,"column":13}},"type":"binary-expr","locations":[{"start":{"line":147,"column":13},"end":{"line":147,"column":25}},{"start":{"line":147,"column":29},"end":{"line":147,"column":41}},{"start":{"line":148,"column":14},"end":{"line":148,"column":83}}],"line":147},"20":{"loc":{"start":{"line":150,"column":13},"end":{"line":152,"column":13}},"type":"binary-expr","locations":[{"start":{"line":150,"column":13},"end":{"line":150,"column":25}},{"start":{"line":150,"column":29},"end":{"line":150,"column":40}},{"start":{"line":151,"column":14},"end":{"line":151,"column":87}}],"line":150},"21":{"loc":{"start":{"line":154,"column":11},"end":{"line":156,"column":11}},"type":"binary-expr","locations":[{"start":{"line":154,"column":11},"end":{"line":154,"column":23}},{"start":{"line":154,"column":27},"end":{"line":154,"column":38}},{"start":{"line":155,"column":12},"end":{"line":155,"column":70}}],"line":154},"22":{"loc":{"start":{"line":175,"column":13},"end":{"line":177,"column":13}},"type":"binary-expr","locations":[{"start":{"line":175,"column":13},"end":{"line":175,"column":26}},{"start":{"line":175,"column":30},"end":{"line":175,"column":43}},{"start":{"line":176,"column":14},"end":{"line":176,"column":83}}],"line":175},"23":{"loc":{"start":{"line":178,"column":13},"end":{"line":180,"column":13}},"type":"binary-expr","locations":[{"start":{"line":178,"column":13},"end":{"line":178,"column":26}},{"start":{"line":178,"column":30},"end":{"line":178,"column":42}},{"start":{"line":179,"column":14},"end":{"line":179,"column":87}}],"line":178},"24":{"loc":{"start":{"line":182,"column":11},"end":{"line":184,"column":11}},"type":"binary-expr","locations":[{"start":{"line":182,"column":11},"end":{"line":182,"column":24}},{"start":{"line":182,"column":28},"end":{"line":182,"column":40}},{"start":{"line":183,"column":12},"end":{"line":183,"column":71}}],"line":182},"25":{"loc":{"start":{"line":223,"column":13},"end":{"line":225,"column":13}},"type":"binary-expr","locations":[{"start":{"line":223,"column":13},"end":{"line":223,"column":36}},{"start":{"line":223,"column":40},"end":{"line":223,"column":63}},{"start":{"line":224,"column":14},"end":{"line":224,"column":83}}],"line":223},"26":{"loc":{"start":{"line":226,"column":13},"end":{"line":228,"column":13}},"type":"binary-expr","locations":[{"start":{"line":226,"column":13},"end":{"line":226,"column":36}},{"start":{"line":226,"column":40},"end":{"line":226,"column":62}},{"start":{"line":227,"column":14},"end":{"line":227,"column":87}}],"line":226},"27":{"loc":{"start":{"line":230,"column":11},"end":{"line":232,"column":11}},"type":"binary-expr","locations":[{"start":{"line":230,"column":11},"end":{"line":230,"column":34}},{"start":{"line":230,"column":38},"end":{"line":230,"column":60}},{"start":{"line":231,"column":12},"end":{"line":231,"column":81}}],"line":230},"28":{"loc":{"start":{"line":237,"column":20},"end":{"line":237,"column":39}},"type":"binary-expr","locations":[{"start":{"line":237,"column":20},"end":{"line":237,"column":28}},{"start":{"line":237,"column":32},"end":{"line":237,"column":39}}],"line":237},"29":{"loc":{"start":{"line":240,"column":11},"end":{"line":248,"column":24}},"type":"cond-expr","locations":[{"start":{"line":241,"column":12},"end":{"line":247,"column":19}},{"start":{"line":248,"column":14},"end":{"line":248,"column":24}}],"line":240}},"s":{"0":1,"1":30,"2":30,"3":30,"4":30,"5":30,"6":30,"7":30,"8":30,"9":12,"10":12,"11":12,"12":7,"13":5,"14":1,"15":12,"16":8,"17":4,"18":1,"19":12,"20":12,"21":9,"22":3,"23":1,"24":3,"25":1,"26":3,"27":0,"28":3,"29":1,"30":3,"31":1,"32":3,"33":0,"34":3,"35":1,"36":12,"37":2,"38":12,"39":30,"40":12,"41":12,"42":12,"43":4,"44":30,"45":7,"46":30,"47":5,"48":30,"49":1,"50":1,"51":0,"52":1,"53":1,"54":1,"55":1,"56":1,"57":1,"58":0,"59":0,"60":0,"61":1,"62":30,"63":120,"64":120,"65":8,"66":3,"67":5,"68":112,"69":30},"f":{"0":30,"1":12,"2":12,"3":4,"4":7,"5":5,"6":1,"7":120},"b":{"0":[7,5],"1":[1,4],"2":[8,4],"3":[1,3],"4":[9,3],"5":[1,2],"6":[1,2],"7":[0,3],"8":[1,2],"9":[1,2],"10":[0,3],"11":[1,2],"12":[2,10],"13":[12,1],"14":[0,1],"15":[1,0],"16":[0,0],"17":[8,112],"18":[3,5],"19":[30,1,0],"20":[30,1,1],"21":[30,1,1],"22":[30,1,0],"23":[30,1,1],"24":[30,1,1],"25":[30,2,2],"26":[30,2,0],"27":[30,2,0],"28":[30,4],"29":[1,29]},"_coverageSchema":"1a1c01bbd47fc00a2c39e90264f33305004495a9","hash":"48a5a1e76affddf12aee7a2dc5db804d2a8379d8"}
,"C:\\Users\\Manoj\\OneDrive\\Desktop\\estore2\\eStore\\frontend\\src\\components\\ReviewForm.js": {"path":"C:\\Users\\Manoj\\OneDrive\\Desktop\\estore2\\eStore\\frontend\\src\\components\\ReviewForm.js","statementMap":{"0":{"start":{"line":6,"column":19},"end":{"line":118,"column":1}},"1":{"start":{"line":7,"column":32},"end":{"line":7,"column":43}},"2":{"start":{"line":8,"column":30},"end":{"line":8,"column":41}},"3":{"start":{"line":9,"column":34},"end":{"line":9,"column":46}},"4":{"start":{"line":10,"column":44},"end":{"line":10,"column":59}},"5":{"start":{"line":11,"column":21},"end":{"line":11,"column":30}},"6":{"start":{"line":13,"column":25},"end":{"line":67,"column":5}},"7":{"start":{"line":14,"column":8},"end":{"line":14,"column":27}},"8":{"start":{"line":15,"column":8},"end":{"line":18,"column":9}},"9":{"start":{"line":16,"column":12},"end":{"line":16,"column":50}},"10":{"start":{"line":17,"column":12},"end":{"line":17,"column":19}},"11":{"start":{"line":19,"column":8},"end":{"line":22,"column":9}},"12":{"start":{"line":20,"column":12},"end":{"line":20,"column":50}},"13":{"start":{"line":21,"column":12},"end":{"line":21,"column":19}},"14":{"start":{"line":24,"column":8},"end":{"line":66,"column":9}},"15":{"start":{"line":25,"column":12},"end":{"line":25,"column":34}},"16":{"start":{"line":26,"column":26},"end":{"line":26,"column":55}},"17":{"start":{"line":47,"column":12},"end":{"line":47,"column":67}},"18":{"start":{"line":47,"column":41},"end":{"line":47,"column":65}},"19":{"start":{"line":49,"column":34},"end":{"line":56,"column":13}},"20":{"start":{"line":58,"column":12},"end":{"line":58,"column":41}},"21":{"start":{"line":59,"column":12},"end":{"line":59,"column":25}},"22":{"start":{"line":60,"column":12},"end":{"line":60,"column":27}},"23":{"start":{"line":63,"column":12},"end":{"line":63,"column":37}},"24":{"start":{"line":65,"column":12},"end":{"line":65,"column":35}},"25":{"start":{"line":69,"column":4},"end":{"line":117,"column":6}},"26":{"start":{"line":77,"column":44},"end":{"line":77,"column":53}},"27":{"start":{"line":78,"column":24},"end":{"line":93,"column":26}},"28":{"start":{"line":83,"column":47},"end":{"line":83,"column":69}},"29":{"start":{"line":84,"column":52},"end":{"line":84,"column":73}},"30":{"start":{"line":85,"column":52},"end":{"line":85,"column":63}},"31":{"start":{"line":105,"column":37},"end":{"line":105,"column":63}}},"fnMap":{"0":{"name":"(anonymous_0)","decl":{"start":{"line":6,"column":19},"end":{"line":6,"column":20}},"loc":{"start":{"line":6,"column":53},"end":{"line":118,"column":1}},"line":6},"1":{"name":"(anonymous_1)","decl":{"start":{"line":13,"column":25},"end":{"line":13,"column":26}},"loc":{"start":{"line":13,"column":38},"end":{"line":67,"column":5}},"line":13},"2":{"name":"(anonymous_2)","decl":{"start":{"line":47,"column":30},"end":{"line":47,"column":31}},"loc":{"start":{"line":47,"column":41},"end":{"line":47,"column":65}},"line":47},"3":{"name":"(anonymous_3)","decl":{"start":{"line":76,"column":39},"end":{"line":76,"column":40}},"loc":{"start":{"line":76,"column":53},"end":{"line":94,"column":21}},"line":76},"4":{"name":"(anonymous_4)","decl":{"start":{"line":83,"column":41},"end":{"line":83,"column":42}},"loc":{"start":{"line":83,"column":47},"end":{"line":83,"column":69}},"line":83},"5":{"name":"(anonymous_5)","decl":{"start":{"line":84,"column":46},"end":{"line":84,"column":47}},"loc":{"start":{"line":84,"column":52},"end":{"line":84,"column":73}},"line":84},"6":{"name":"(anonymous_6)","decl":{"start":{"line":85,"column":46},"end":{"line":85,"column":47}},"loc":{"start":{"line":85,"column":52},"end":{"line":85,"column":63}},"line":85},"7":{"name":"(anonymous_7)","decl":{"start":{"line":105,"column":30},"end":{"line":105,"column":31}},"loc":{"start":{"line":105,"column":37},"end":{"line":105,"column":63}},"line":105}},"branchMap":{"0":{"loc":{"start":{"line":15,"column":8},"end":{"line":18,"column":9}},"type":"if","locations":[{"start":{"line":15,"column":8},"end":{"line":18,"column":9}},{"start":{},"end":{}}],"line":15},"1":{"loc":{"start":{"line":19,"column":8},"end":{"line":22,"column":9}},"type":"if","locations":[{"start":{"line":19,"column":8},"end":{"line":22,"column":9}},{"start":{},"end":{}}],"line":19},"2":{"loc":{"start":{"line":89,"column":42},"end":{"line":89,"column":95}},"type":"cond-expr","locations":[{"start":{"line":89,"column":77},"end":{"line":89,"column":86}},{"start":{"line":89,"column":89},"end":{"line":89,"column":95}}],"line":89},"3":{"loc":{"start":{"line":89,"column":58},"end":{"line":89,"column":73}},"type":"binary-expr","locations":[{"start":{"line":89,"column":58},"end":{"line":89,"column":63}},{"start":{"line":89,"column":67},"end":{"line":89,"column":73}}],"line":89},"4":{"loc":{"start":{"line":90,"column":47},"end":{"line":90,"column":117}},"type":"cond-expr","locations":[{"start":{"line":90,"column":82},"end":{"line":90,"column":99}},{"start":{"line":90,"column":102},"end":{"line":90,"column":117}}],"line":90},"5":{"loc":{"start":{"line":90,"column":63},"end":{"line":90,"column":78}},"type":"binary-expr","locations":[{"start":{"line":90,"column":63},"end":{"line":90,"column":68}},{"start":{"line":90,"column":72},"end":{"line":90,"column":78}}],"line":90},"6":{"loc":{"start":{"line":114,"column":17},"end":{"line":114,"column":65}},"type":"cond-expr","locations":[{"start":{"line":114,"column":32},"end":{"line":114,"column":47}},{"start":{"line":114,"column":50},"end":{"line":114,"column":65}}],"line":114}},"s":{"0":1,"1":10,"2":10,"3":10,"4":10,"5":10,"6":10,"7":2,"8":2,"9":1,"10":1,"11":1,"12":0,"13":0,"14":1,"15":1,"16":1,"17":1,"18":1,"19":1,"20":1,"21":1,"22":1,"23":0,"24":1,"25":10,"26":50,"27":50,"28":1,"29":0,"30":0,"31":1},"f":{"0":10,"1":2,"2":1,"3":50,"4":1,"5":0,"6":0,"7":1},"b":{"0":[1,1],"1":[0,1],"2":[15,35],"3":[50,50],"4":[15,35],"5":[50,50],"6":[1,9]},"_coverageSchema":"1a1c01bbd47fc00a2c39e90264f33305004495a9","hash":"8970a7f183e54c446f49e5f60c6add803d82f63e"}
[...]
,"C:\\Users\\Manoj\\OneDrive\\Desktop\\estore2\\eStore\\frontend\\src\\pages\\Products.js": {"path":"C:\\Users\\Manoj\\OneDrive\\Desktop\\estore2\\eStore\\frontend\\src\\pages\\Products.js","statementMap":{"0":{"start":{"line":10,"column":21},"end":{"line":15,"column":1}},"1":{"start":{"line":17,"column":17},"end":{"line":253,"column":1}},"2":{"start":{"line":18,"column":36},"end":{"line":18,"column":48}},"3":{"start":{"line":19,"column":52},"end":{"line":19,"column":64}},"4":{"start":{"line":20,"column":34},"end":{"line":20,"column":48}},"5":{"start":{"line":23,"column":52},"end":{"line":23,"column":67}},"6":{"start":{"line":24,"column":25},"end":{"line":24,"column":44}},"7":{"start":{"line":25,"column":32},"end":{"line":25,"column":50}},"8":{"start":{"line":26,"column":42},"end":{"line":26,"column":54}},"9":{"start":{"line":29,"column":42},"end":{"line":29,"column":53}},"10":{"start":{"line":30,"column":25},"end":{"line":30,"column":27}},"11":{"start":{"line":34,"column":30},"end":{"line":34,"column":44}},"12":{"start":{"line":36,"column":4},"end":{"line":59,"column":11}},"13":{"start":{"line":37,"column":30},"end":{"line":56,"column":9}},"14":{"start":{"line":38,"column":12},"end":{"line":55,"column":13}},"15":{"start":{"line":39,"column":16},"end":{"line":39,"column":33}},"16":{"start":{"line":40,"column":33},"end":{"line":40,"column":59}},"17":{"start":{"line":42,"column":16},"end":{"line":48,"column":17}},"18":{"start":{"line":43,"column":20},"end":{"line":43,"column":43}},"19":{"start":{"line":44,"column":23},"end":{"line":48,"column":17}},"20":{"start":{"line":45,"column":20},"end":{"line":45,"column":38}},"21":{"start":{"line":47,"column":20},"end":{"line":47,"column":36}},"22":{"start":{"line":49,"column":16},"end":{"line":49,"column":31}},"23":{"start":{"line":51,"column":16},"end":{"line":51,"column":63}},"24":{"start":{"line":52,"column":16},"end":{"line":52,"column":77}},"25":{"start":{"line":54,"column":16},"end":{"line":54,"column":34}},"26":{"start":{"line":58,"column":8},"end":{"line":58,"column":24}},"27":{"start":{"line":61,"column":4},"end":{"line":102,"column":70}},"28":{"start":{"line":63,"column":21},"end":{"line":63,"column":34}},"29":{"start":{"line":66,"column":8},"end":{"line":68,"column":9}},"30":{"start":{"line":67,"column":12},"end":{"line":67,"column":73}},"31":{"start":{"line":67,"column":40},"end":{"line":67,"column":71}},"32":{"start":{"line":71,"column":8},"end":{"line":77,"column":9}},"33":{"start":{"line":72,"column":22},"end":{"line":72,"column":47}},"34":{"start":{"line":73,"column":12},"end":{"line":76,"column":14}},"35":{"start":{"line":74,"column":16},"end":{"line":75,"column":55}},"36":{"start":{"line":84,"column":8},"end":{"line":98,"column":9}},"37":{"start":{"line":86,"column":16},"end":{"line":86,"column":57}},"38":{"start":{"line":86,"column":38},"end":{"line":86,"column":55}},"39":{"start":{"line":87,"column":16},"end":{"line":87,"column":22}},"40":{"start":{"line":89,"column":16},"end":{"line":89,"column":57}},"41":{"start":{"line":89,"column":38},"end":{"line":89,"column":55}},"42":{"start":{"line":90,"column":16},"end":{"line":90,"column":22}},"43":{"start":{"line":92,"column":16},"end":{"line":92,"column":68}},"44":{"start":{"line":92,"column":38},"end":{"line":92,"column":66}},"45":{"start":{"line":93,"column":16},"end":{"line":93,"column":22}},"46":{"start":{"line":97,"column":16},"end":{"line":97,"column":22}},"47":{"start":{"line":100,"column":8},"end":{"line":100,"column":36}},"48":{"start":{"line":101,"column":8},"end":{"line":101,"column":26}},"49":{"start":{"line":105,"column":28},"end":{"line":105,"column":54}},"50":{"start":{"line":106,"column":29},"end":{"line":106,"column":59}},"51":{"start":{"line":107,"column":25},"end":{"line":107,"column":82}},"52":{"start":{"line":108,"column":23},"end":{"line":108,"column":72}},"53":{"start":{"line":110,"column":29},"end":{"line":113,"column":5}},"54":{"start":{"line":111,"column":8},"end":{"line":111,"column":35}},"55":{"start":{"line":112,"column":8},"end":{"line":112,"column":56}},"56":{"start":{"line":115,"column":4},"end":{"line":252,"column":6}},"57":{"start":{"line":139,"column":28},"end":{"line":139,"column":55}},"58":{"start":{"line":140,"column":28},"end":{"line":140,"column":47}},"59":{"start":{"line":141,"column":28},"end":{"line":141,"column":48}},"60":{"start":{"line":162,"column":49},"end":{"line":162,"column":79}},"61":{"start":{"line":168,"column":49},"end":{"line":168,"column":74}},"62":{"start":{"line":172,"column":36},"end":{"line":174,"column":45}},"63":{"start":{"line":190,"column":32},"end":{"line":190,"column":63}},"64":{"start":{"line":204,"column":32},"end":{"line":211,"column":45}},"65":{"start":{"line":220,"column":47},"end":{"line":220,"column":80}},"66":{"start":{"line":228,"column":32},"end":{"line":237,"column":41}},"67":{"start":{"line":230,"column":51},"end":{"line":230,"column":74}},"68":{"start":{"line":241,"column":47},"end":{"line":241,"column":80}}},"fnMap":{"0":{"name":"(anonymous_0)","decl":{"start":{"line":17,"column":17},"end":{"line":17,"column":18}},"loc":{"start":{"line":17,"column":23},"end":{"line":253,"column":1}},"line":17},"1":{"name":"(anonymous_1)","decl":{"start":{"line":36,"column":14},"end":{"line":36,"column":15}},"loc":{"start":{"line":36,"column":20},"end":{"line":59,"column":5}},"line":36},"2":{"name":"(anonymous_2)","decl":{"start":{"line":37,"column":30},"end":{"line":37,"column":31}},"loc":{"start":{"line":37,"column":42},"end":{"line":56,"column":9}},"line":37},"3":{"name":"(anonymous_3)","decl":{"start":{"line":61,"column":14},"end":{"line":61,"column":15}},"loc":{"start":{"line":61,"column":20},"end":{"line":102,"column":5}},"line":61},"4":{"name":"(anonymous_4)","decl":{"start":{"line":67,"column":35},"end":{"line":67,"column":36}},"loc":{"start":{"line":67,"column":40},"end":{"line":67,"column":71}},"line":67},"5":{"name":"(anonymous_5)","decl":{"start":{"line":73,"column":35},"end":{"line":73,"column":36}},"loc":{"start":{"line":74,"column":16},"end":{"line":75,"column":55}},"line":74},"6":{"name":"(anonymous_6)","decl":{"start":{"line":86,"column":28},"end":{"line":86,"column":29}},"loc":{"start":{"line":86,"column":38},"end":{"line":86,"column":55}},"line":86},"7":{"name":"(anonymous_7)","decl":{"start":{"line":89,"column":28},"end":{"line":89,"column":29}},"loc":{"start":{"line":89,"column":38},"end":{"line":89,"column":55}},"line":89},"8":{"name":"(anonymous_8)","decl":{"start":{"line":92,"column":28},"end":{"line":92,"column":29}},"loc":{"start":{"line":92,"column":38},"end":{"line":92,"column":66}},"line":92},"9":{"name":"(anonymous_9)","decl":{"start":{"line":110,"column":29},"end":{"line":110,"column":30}},"loc":{"start":{"line":110,"column":45},"end":{"line":113,"column":5}},"line":110},"10":{"name":"(anonymous_10)","decl":{"start":{"line":138,"column":33},"end":{"line":138,"column":34}},"loc":{"start":{"line":138,"column":39},"end":{"line":142,"column":25}},"line":138},"11":{"name":"(anonymous_11)","decl":{"start":{"line":162,"column":42},"end":{"line":162,"column":43}},"loc":{"start":{"line":162,"column":49},"end":{"line":162,"column":79}},"line":162},"12":{"name":"(anonymous_12)","decl":{"start":{"line":168,"column":42},"end":{"line":168,"column":43}},"loc":{"start":{"line":168,"column":49},"end":{"line":168,"column":74}},"line":168},"13":{"name":"(anonymous_13)","decl":{"start":{"line":171,"column":50},"end":{"line":171,"column":51}},"loc":{"start":{"line":172,"column":36},"end":{"line":174,"column":45}},"line":172},"14":{"name":"(anonymous_14)","decl":{"start":{"line":189,"column":47},"end":{"line":189,"column":48}},"loc":{"start":{"line":190,"column":32},"end":{"line":190,"column":63}},"line":190},"15":{"name":"(anonymous_15)","decl":{"start":{"line":203,"column":46},"end":{"line":203,"column":47}},"loc":{"start":{"line":204,"column":32},"end":{"line":211,"column":45}},"line":204},"16":{"name":"(anonymous_16)","decl":{"start":{"line":220,"column":41},"end":{"line":220,"column":42}},"loc":{"start":{"line":220,"column":47},"end":{"line":220,"column":80}},"line":220},"17":{"name":"(anonymous_17)","decl":{"start":{"line":227,"column":56},"end":{"line":227,"column":57}},"loc":{"start":{"line":228,"column":32},"end":{"line":237,"column":41}},"line":228},"18":{"name":"(anonymous_18)","decl":{"start":{"line":230,"column":45},"end":{"line":230,"column":46}},"loc":{"start":{"line":230,"column":51},"end":{"line":230,"column":74}},"line":230},"19":{"name":"(anonymous_19)","decl":{"start":{"line":241,"column":41},"end":{"line":241,"column":42}},"loc":{"start":{"line":241,"column":47},"end":{"line":241,"column":80}},"line":241}},"branchMap":{"0":{"loc":{"start":{"line":42,"column":16},"end":{"line":48,"column":17}},"type":"if","locations":[{"start":{"line":42,"column":16},"end":{"line":48,"column":17}},{"start":{"line":44,"column":23},"end":{"line":48,"column":17}}],"line":42},"1":{"loc":{"start":{"line":42,"column":20},"end":{"line":42,"column":57}},"type":"binary-expr","locations":[{"start":{"line":42,"column":20},"end":{"line":42,"column":29}},{"start":{"line":42,"column":33},"end":{"line":42,"column":57}}],"line":42},"2":{"loc":{"start":{"line":44,"column":23},"end":{"line":48,"column":17}},"type":"if","locations":[{"start":{"line":44,"column":23},"end":{"line":48,"column":17}},{"start":{"line":46,"column":23},"end":{"line":48,"column":17}}],"line":44},"3":{"loc":{"start":{"line":66,"column":8},"end":{"line":68,"column":9}},"type":"if","locations":[{"start":{"line":66,"column":8},"end":{"line":68,"column":9}},{"start":{},"end":{}}],"line":66},"4":{"loc":{"start":{"line":71,"column":8},"end":{"line":77,"column":9}},"type":"if","locations":[{"start":{"line":71,"column":8},"end":{"line":77,"column":9}},{"start":{},"end":{}}],"line":71},"5":{"loc":{"start":{"line":74,"column":16},"end":{"line":75,"column":55}},"type":"binary-expr","locations":[{"start":{"line":74,"column":16},"end":{"line":74,"column":48}},{"start":{"line":75,"column":16},"end":{"line":75,"column":55}}],"line":74},"6":{"loc":{"start":{"line":84,"column":8},"end":{"line":98,"column":9}},"type":"switch","locations":[{"start":{"line":85,"column":12},"end":{"line":87,"column":22}},{"start":{"line":88,"column":12},"end":{"line":90,"column":22}},{"start":{"line":91,"column":12},"end":{"line":93,"column":22}},{"start":{"line":94,"column":12},"end":{"line":94,"column":26}},{"start":{"line":95,"column":12},"end":{"line":97,"column":22}}],"line":84},"7":{"loc":{"start":{"line":180,"column":21},"end":{"line":184,"column":21}},"type":"binary-expr","locations":[{"start":{"line":180,"column":21},"end":{"line":180,"column":26}},{"start":{"line":181,"column":24},"end":{"line":183,"column":30}}],"line":180},"8":{"loc":{"start":{"line":187,"column":21},"end":{"line":214,"column":21}},"type":"cond-expr","locations":[{"start":{"line":188,"column":24},"end":{"line":192,"column":30}},{"start":{"line":193,"column":24},"end":{"line":214,"column":21}}],"line":187},"9":{"loc":{"start":{"line":193,"column":24},"end":{"line":214,"column":21}},"type":"cond-expr","locations":[{"start":{"line":194,"column":24},"end":{"line":200,"column":30}},{"start":{"line":202,"column":24},"end":{"line":213,"column":30}}],"line":193},"10":{"loc":{"start":{"line":217,"column":21},"end":{"line":248,"column":21}},"type":"binary-expr","locations":[{"start":{"line":217,"column":21},"end":{"line":217,"column":35}},{"start":{"line":218,"column":24},"end":{"line":247,"column":30}}],"line":217},"11":{"loc":{"start":{"line":231,"column":98},"end":{"line":233,"column":99}},"type":"cond-expr","locations":[{"start":{"line":232,"column":42},"end":{"line":232,"column":80}},{"start":{"line":233,"column":42},"end":{"line":233,"column":99}}],"line":231}},"s":{"0":2,"1":2,"2":25,"3":25,"4":25,"5":25,"6":25,"7":25,"8":25,"9":25,"10":25,"11":25,"12":25,"13":6,"14":6,"15":6,"16":6,"17":5,"18":5,"19":0,"20":0,"21":0,"22":5,"23":1,"24":1,"25":6,"26":6,"27":25,"28":12,"29":12,"30":1,"31":2,"32":12,"33":1,"34":1,"35":2,"36":12,"37":0,"38":0,"39":0,"40":0,"41":0,"42":0,"43":0,"44":0,"45":0,"46":12,"47":12,"48":12,"49":25,"50":25,"51":25,"52":25,"53":25,"54":0,"55":0,"56":25,"57":0,"58":0,"59":0,"60":1,"61":0,"62":100,"63":72,"64":12,"65":0,"66":0,"67":0,"68":0},"f":{"0":25,"1":6,"2":6,"3":12,"4":2,"5":2,"6":0,"7":0,"8":0,"9":0,"10":0,"11":1,"12":0,"13":100,"14":72,"15":12,"16":0,"17":0,"18":0,"19":0},"b":{"0":[5,0],"1":[5,5],"2":[0,0],"3":[1,11],"4":[1,11],"5":[2,2],"6":[0,0,0,12,12],"7":[25,1],"8":[12,13],"9":[7,6],"10":[25,0],"11":[0,0]},"_coverageSchema":"1a1c01bbd47fc00a2c39e90264f33305004495a9","hash":"e1dd09a712a0d6b29d03ed26b7666ff1169578b2"}
,"C:\\Users\\Manoj\\OneDrive\\Desktop\\estore2\\eStore\\frontend\\src\\pages\\Register.js": {"path":"C:\\Users\\Manoj\\OneDrive\\Desktop\\estore2\\eStore\\frontend\\src\\pages\\Register.js","statementMap":{"0":{"start":{"line":5,"column":17},"end":{"line":18,"column":1}},"1":{"start":{"line":6,"column":2},"end":{"line":17,"column":4}}},"fnMap":{"0":{"name":"(anonymous_0)","decl":{"start":{"line":5,"column":17},"end":{"line":5,"column":18}},"loc":{"start":{"line":5,"column":23},"end":{"line":18,"column":1}},"line":5}},"branchMap":{},"s":{"0":0,"1":0},"f":{"0":0},"b":{}}
,"C:\\Users\\Manoj\\OneDrive\\Desktop\\estore2\\eStore\\frontend\\src\\pages\\WishlistPage.js": {"path":"C:\\Users\\Manoj\\OneDrive\\Desktop\\estore2\\eStore\\frontend\\src\\pages\\WishlistPage.js","statementMap":{"0":{"start":{"line":8,"column":21},"end":{"line":95,"column":1}},"1":{"start":{"line":9,"column":45},"end":{"line":9,"column":58}},"2":{"start":{"line":10,"column":26},"end":{"line":10,"column":35}},"3":{"start":{"line":12,"column":4},"end":{"line":30,"column":5}},"4":{"start":{"line":13,"column":8},"end":{"line":29,"column":10}},"5":{"start":{"line":32,"column":4},"end":{"line":94,"column":6}},"6":{"start":{"line":42,"column":24},"end":{"line":89,"column":37}},"7":{"start":{"line":57,"column":51},"end":{"line":57,"column":82}},"8":{"start":{"line":81,"column":55},"end":{"line":81,"column":73}}},"fnMap":{"0":{"name":"(anonymous_0)","decl":{"start":{"line":8,"column":21},"end":{"line":8,"column":22}},"loc":{"start":{"line":8,"column":27},"end":{"line":95,"column":1}},"line":8},"1":{"name":"(anonymous_1)","decl":{"start":{"line":41,"column":34},"end":{"line":41,"column":35}},"loc":{"start":{"line":42,"column":24},"end":{"line":89,"column":37}},"line":42},"2":{"name":"(anonymous_2)","decl":{"start":{"line":57,"column":45},"end":{"line":57,"column":46}},"loc":{"start":{"line":57,"column":51},"end":{"line":57,"column":82}},"line":57},"3":{"name":"(anonymous_3)","decl":{"start":{"line":81,"column":49},"end":{"line":81,"column":50}},"loc":{"start":{"line":81,"column":55},"end":{"line":81,"column":73}},"line":81}},"branchMap":{"0":{"loc":{"start":{"line":12,"column":4},"end":{"line":30,"column":5}},"type":"if","locations":[{"start":{"line":12,"column":4},"end":{"line":30,"column":5}},{"start":{},"end":{}}],"line":12},"1":{"loc":{"start":{"line":52,"column":41},"end":{"line":52,"column":74}},"type":"binary-expr","locations":[{"start":{"line":52,"column":41},"end":{"line":52,"column":57}},{"start":{"line":52,"column":61},"end":{"line":52,"column":74}}],"line":52}},"s":{"0":0,"1":0,"2":0,"3":0,"4":0,"5":0,"6":0,"7":0,"8":0},"f":{"0":0,"1":0,"2":0,"3":0},"b":{"0":[0,0],"1":[0,0]}}
,"C:\\Users\\Manoj\\OneDrive\\Desktop\\estore2\\eStore\\frontend\\src\\services\\api.js": {"path":"C:\\Users\\Manoj\\OneDrive\\Desktop\\estore2\\eStore\\frontend\\src\\services\\api.js","statementMap":{"0":{"start":{"line":3,"column":12},"end":{"line":5,"column":2}},"1":{"start":{"line":8,"column":0},"end":{"line":19,"column":2}},"2":{"start":{"line":10,"column":18},"end":{"line":10,"column":47}},"3":{"start":{"line":11,"column":4},"end":{"line":13,"column":5}},"4":{"start":{"line":12,"column":6},"end":{"line":12,"column":55}},"5":{"start":{"line":14,"column":4},"end":{"line":14,"column":18}},"6":{"start":{"line":17,"column":4},"end":{"line":17,"column":33}},"7":{"start":{"line":22,"column":0},"end":{"line":31,"column":2}},"8":{"start":{"line":23,"column":16},"end":{"line":23,"column":24}},"9":{"start":{"line":25,"column":4},"end":{"line":28,"column":5}},"10":{"start":{"line":26,"column":6},"end":{"line":26,"column":39}},"11":{"start":{"line":27,"column":6},"end":{"line":27,"column":38}},"12":{"start":{"line":29,"column":4},"end":{"line":29,"column":33}}},"fnMap":{"0":{"name":"(anonymous_0)","decl":{"start":{"line":9,"column":2},"end":{"line":9,"column":3}},"loc":{"start":{"line":9,"column":14},"end":{"line":15,"column":3}},"line":9},"1":{"name":"(anonymous_1)","decl":{"start":{"line":16,"column":2},"end":{"line":16,"column":3}},"loc":{"start":{"line":16,"column":13},"end":{"line":18,"column":3}},"line":16},"2":{"name":"(anonymous_2)","decl":{"start":{"line":23,"column":2},"end":{"line":23,"column":3}},"loc":{"start":{"line":23,"column":16},"end":{"line":23,"column":24}},"line":23},"3":{"name":"(anonymous_3)","decl":{"start":{"line":24,"column":2},"end":{"line":24,"column":3}},"loc":{"start":{"line":24,"column":13},"end":{"line":30,"column":3}},"line":24}},"branchMap":{"0":{"loc":{"start":{"line":4,"column":11},"end":{"line":4,"column":50}},"type":"binary-expr","locations":[{"start":{"line":4,"column":11},"end":{"line":4,"column":40}},{"start":{"line":4,"column":44},"end":{"line":4,"column":50}}],"line":4},"1":{"loc":{"start":{"line":11,"column":4},"end":{"line":13,"column":5}},"type":"if","locations":[{"start":{"line":11,"column":4},"end":{"line":13,"column":5}},{"start":{},"end":{}}],"line":11},"2":{"loc":{"start":{"line":25,"column":4},"end":{"line":28,"column":5}},"type":"if","locations":[{"start":{"line":25,"column":4},"end":{"line":28,"column":5}},{"start":{},"end":{}}],"line":25}},"s":{"0":7,"1":7,"2":9,"3":9,"4":2,"5":9,"6":0,"7":7,"8":7,"9":2,"10":1,"11":1,"12":2},"f":{"0":9,"1":0,"2":7,"3":2},"b":{"0":[7,7],"1":[2,7],"2":[1,1]},"_coverageSchema":"1a1c01bbd47fc00a2c39e90264f33305004495a9","hash":"49c463553a976459be23c9a77676d3ffc284dc18"}
,"C:\\Users\\Manoj\\OneDrive\\Desktop\\estore2\\eStore\\frontend\\src\\utils\\constants.js": {"path":"C:\\Users\\Manoj\\OneDrive\\Desktop\\estore2\\eStore\\frontend\\src\\utils\\constants.js","statementMap":{"0":{"start":{"line":2,"column":31},"end":{"line":69,"column":1}},"1":{"start":{"line":71,"column":26},"end":{"line":79,"column":1}}},"fnMap":{},"branchMap":{},"s":{"0":2,"1":2},"f":{},"b":{},"_coverageSchema":"1a1c01bbd47fc00a2c39e90264f33305004495a9","hash":"609f8bab7b121aaf867d6ef60b4a5b6e27ded04e"}
}
