TN:
SF:src\App.js
FN:23,App
FNF:1
FNH:0
FNDA:0,App
DA:24,0
LF:1
LH:0
BRF:0
BRH:0
end_of_record
TN:
SF:src\index.js
FNF:0
FNH:0
DA:7,0
DA:8,0
LF:2
LH:0
BRF:0
BRH:0
end_of_record
TN:
SF:src\test-utils.js
FN:34,(anonymous_0)
FN:48,(anonymous_1)
FN:52,(anonymous_2)
FNF:3
FNH:3
FNDA:13,(anonymous_0)
FNDA:13,(anonymous_1)
FNDA:13,(anonymous_2)
DA:9,3
DA:17,3
DA:27,3
DA:34,3
DA:35,13
DA:48,3
DA:49,13
DA:51,13
DA:53,13
LF:9
LH:9
BRDA:48,0,0,7
BRF:1
BRH:1
end_of_record
TN:
SF:src\components\CartItem.js
FN:6,(anonymous_0)
FN:11,(anonymous_1)
FN:15,(anonymous_2)
FN:21,(anonymous_3)
FN:29,(anonymous_4)
FN:39,(anonymous_5)
FN:114,(anonymous_6)
FNF:7
FNH:6
FNDA:8,(anonymous_0)
FNDA:6,(anonymous_1)
FNDA:1,(anonymous_2)
FNDA:1,(anonymous_3)
FNDA:1,(anonymous_4)
FNDA:0,(anonymous_5)
FNDA:1,(anonymous_6)
DA:6,1
DA:7,8
DA:8,8
DA:11,8
DA:12,6
DA:15,8
DA:16,1
DA:17,1
DA:21,8
DA:23,1
DA:24,1
DA:25,1
DA:29,8
DA:30,1
DA:31,1
DA:33,1
DA:34,1
DA:35,1
DA:39,8
DA:41,0
DA:42,0
DA:43,0
DA:47,8
DA:114,1
LF:24
LH:21
BRDA:16,0,0,1
BRDA:16,0,1,0
BRDA:23,1,0,1
BRDA:23,1,1,0
BRDA:24,2,0,1
BRDA:24,2,1,0
BRDA:33,3,0,1
BRDA:33,3,1,0
BRDA:33,4,0,1
BRDA:33,4,1,1
BRDA:34,5,0,1
BRDA:34,5,1,0
BRDA:41,6,0,0
BRDA:41,6,1,0
BRDA:41,7,0,0
BRDA:41,7,1,0
BRDA:59,8,0,8
BRDA:59,8,1,0
BRDA:59,8,2,0
BRDA:92,9,0,8
BRDA:92,9,1,0
BRF:21
BRH:9
end_of_record
TN:
SF:src\components\CategoryFilter.js
FN:3,(anonymous_0)
FN:11,(anonymous_1)
FN:12,(anonymous_2)
FN:32,(anonymous_3)
FN:35,(anonymous_4)
FN:45,(anonymous_5)
FN:48,(anonymous_6)
FNF:7
FNH:7
FNDA:29,(anonymous_0)
FNDA:14,(anonymous_1)
FNDA:20,(anonymous_2)
FNDA:1,(anonymous_3)
FNDA:187,(anonymous_4)
FNDA:187,(anonymous_5)
FNDA:2,(anonymous_6)
DA:3,3
DA:11,29
DA:12,14
DA:13,20
DA:14,20
DA:15,20
DA:19,14
DA:21,14
DA:24,29
DA:32,1
DA:36,187
DA:46,187
DA:48,2
LF:13
LH:13
BRDA:7,0,0,0
BRDA:14,1,0,20
BRDA:14,1,1,16
BRDA:37,2,0,187
BRDA:37,2,1,163
BRDA:49,3,0,29
BRDA:49,3,1,158
BRDA:56,4,0,29
BRDA:56,4,1,158
BRDA:61,5,0,187
BRDA:61,5,1,163
BRF:11
BRH:10
end_of_record
TN:
SF:src\components\CheckoutForm.js
FN:12,(anonymous_0)
FN:27,(anonymous_1)
FN:34,(anonymous_2)
FN:79,(anonymous_3)
FN:203,(anonymous_4)
FN:235,(anonymous_5)
FNF:6
FNH:0
FNDA:0,(anonymous_0)
FNDA:0,(anonymous_1)
FNDA:0,(anonymous_2)
FNDA:0,(anonymous_3)
FNDA:0,(anonymous_4)
FNDA:0,(anonymous_5)
DA:10,0
DA:12,0
DA:13,0
DA:14,0
DA:15,0
DA:16,0
DA:17,0
DA:18,0
DA:19,0
DA:20,0
DA:27,0
DA:28,0
DA:34,0
DA:35,0
DA:37,0
DA:38,0
DA:41,0
DA:42,0
DA:44,0
DA:47,0
DA:48,0
DA:49,0
DA:50,0
DA:53,0
DA:55,0
DA:68,0
DA:69,0
DA:72,0
DA:76,0
DA:78,0
DA:79,0
DA:80,0
DA:82,0
DA:97,0
DA:100,0
DA:102,0
DA:103,0
DA:104,0
DA:105,0
DA:106,0
DA:109,0
DA:112,0
DA:115,0
DA:130,0
DA:204,0
DA:235,0
DA:236,0
LF:47
LH:0
BRDA:10,0,0,0
BRDA:10,0,1,0
BRDA:37,1,0,0
BRDA:37,1,1,0
BRDA:37,2,0,0
BRDA:37,2,1,0
BRDA:47,3,0,0
BRDA:47,3,1,0
BRDA:47,4,0,0
BRDA:47,4,1,0
BRDA:47,4,2,0
BRDA:47,4,3,0
BRDA:68,5,0,0
BRDA:68,5,1,0
BRDA:76,6,0,0
BRDA:76,6,1,0
BRDA:102,7,0,0
BRDA:102,7,1,0
BRDA:104,8,0,0
BRDA:104,8,1,0
BRDA:104,9,0,0
BRDA:104,9,1,0
BRDA:109,10,0,0
BRDA:109,10,1,0
BRDA:218,11,0,0
BRDA:218,11,1,0
BRDA:226,12,0,0
BRDA:226,12,1,0
BRDA:229,13,0,0
BRDA:229,13,1,0
BRF:30
BRH:0
end_of_record
TN:
SF:src\components\ErrorBoundary.js
FN:5,(anonymous_0)
FN:10,(anonymous_1)
FN:14,(anonymous_2)
FN:20,(anonymous_3)
FN:25,(anonymous_4)
FNF:5
FNH:0
FNDA:0,(anonymous_0)
FNDA:0,(anonymous_1)
FNDA:0,(anonymous_2)
FNDA:0,(anonymous_3)
FNDA:0,(anonymous_4)
DA:6,0
DA:7,0
DA:11,0
DA:15,0
DA:16,0
DA:20,0
DA:21,0
DA:22,0
DA:26,0
DA:27,0
DA:61,0
LF:11
LH:0
BRDA:26,0,0,0
BRDA:26,0,1,0
BRDA:43,1,0,0
BRDA:43,1,1,0
BRDA:43,1,2,0
BRF:5
BRH:0
end_of_record
TN:
SF:src\components\Footer.js
FN:13,(anonymous_0)
FN:17,(anonymous_1)
FN:23,(anonymous_2)
FN:90,(anonymous_3)
FNF:4
FNH:3
FNDA:6,(anonymous_0)
FNDA:1,(anonymous_1)
FNDA:0,(anonymous_2)
FNDA:1,(anonymous_3)
DA:13,1
DA:14,6
DA:15,6
DA:17,6
DA:18,1
DA:19,1
DA:20,1
DA:21,1
DA:23,1
DA:27,6
DA:90,1
LF:11
LH:11
BRDA:19,0,0,1
BRDA:19,0,1,0
BRDA:101,1,0,1
BRDA:101,1,1,5
BRF:4
BRH:3
end_of_record
TN:
SF:src\components\Header.js
FN:20,(anonymous_0)
FN:33,(anonymous_1)
FN:34,(anonymous_2)
FN:40,(anonymous_3)
FN:44,(anonymous_4)
FN:48,(anonymous_5)
FN:54,(anonymous_6)
FN:91,(anonymous_7)
FN:126,(anonymous_8)
FN:158,(anonymous_9)
FN:187,(anonymous_10)
FN:195,(anonymous_11)
FN:235,(anonymous_12)
FN:250,(anonymous_13)
FN:268,(anonymous_14)
FN:276,(anonymous_15)
FN:287,(anonymous_16)
FN:294,(anonymous_17)
FNF:18
FNH:8
FNDA:18,(anonymous_0)
FNDA:12,(anonymous_1)
FNDA:0,(anonymous_2)
FNDA:12,(anonymous_3)
FNDA:13,(anonymous_4)
FNDA:1,(anonymous_5)
FNDA:0,(anonymous_6)
FNDA:72,(anonymous_7)
FNDA:1,(anonymous_8)
FNDA:1,(anonymous_9)
FNDA:0,(anonymous_10)
FNDA:0,(anonymous_11)
FNDA:0,(anonymous_12)
FNDA:0,(anonymous_13)
FNDA:0,(anonymous_14)
FNDA:0,(anonymous_15)
FNDA:0,(anonymous_16)
FNDA:0,(anonymous_17)
DA:20,2
DA:21,18
DA:22,18
DA:23,18
DA:25,18
DA:26,18
DA:27,18
DA:28,18
DA:29,18
DA:30,18
DA:33,18
DA:34,12
DA:35,0
DA:36,0
DA:39,12
DA:40,12
DA:44,18
DA:45,13
DA:48,18
DA:49,1
DA:50,1
DA:51,1
DA:54,18
DA:55,0
DA:56,0
DA:61,0
DA:62,0
DA:63,0
DA:67,18
DA:74,18
DA:92,72
DA:126,1
DA:158,1
DA:187,0
DA:195,0
DA:235,0
DA:250,0
DA:269,0
DA:276,0
DA:287,0
DA:294,0
LF:41
LH:26
BRDA:35,0,0,0
BRDA:35,0,1,0
BRDA:35,1,0,0
BRDA:35,1,1,0
BRDA:56,2,0,0
BRDA:56,2,1,0
BRDA:95,3,0,18
BRDA:95,3,1,54
BRDA:105,4,0,18
BRDA:105,4,1,1
BRDA:108,5,0,0
BRDA:108,5,1,1
BRDA:138,6,0,18
BRDA:138,6,1,1
BRDA:147,7,0,18
BRDA:147,7,1,1
BRDA:155,8,0,7
BRDA:155,8,1,11
BRDA:167,9,0,2
BRDA:167,9,1,5
BRDA:171,10,0,7
BRDA:171,10,1,2
BRDA:238,11,0,0
BRDA:238,11,1,18
BRDA:260,12,0,18
BRDA:260,12,1,0
BRDA:272,13,0,0
BRDA:272,13,1,0
BRDA:282,14,0,0
BRDA:282,14,1,0
BRF:30
BRH:17
end_of_record
TN:
SF:src\components\LoginForm.js
FN:8,(anonymous_0)
FN:24,(anonymous_1)
FN:41,(anonymous_2)
FN:45,(anonymous_3)
FN:48,(anonymous_4)
FN:55,(anonymous_5)
FN:62,(anonymous_6)
FN:84,(anonymous_7)
FNF:8
FNH:7
FNDA:19,(anonymous_0)
FNDA:7,(anonymous_1)
FNDA:7,(anonymous_2)
FNDA:4,(anonymous_3)
FNDA:4,(anonymous_4)
FNDA:0,(anonymous_5)
FNDA:2,(anonymous_6)
FNDA:38,(anonymous_7)
DA:8,1
DA:9,19
DA:13,19
DA:17,19
DA:18,19
DA:19,19
DA:20,19
DA:21,19
DA:24,19
DA:25,7
DA:26,7
DA:28,7
DA:29,3
DA:30,4
DA:31,0
DA:34,7
DA:35,5
DA:38,7
DA:41,19
DA:42,7
DA:43,7
DA:44,7
DA:45,4
DA:48,19
DA:49,4
DA:55,19
DA:56,0
DA:62,19
DA:63,2
DA:64,2
DA:66,2
DA:67,2
DA:68,2
DA:70,2
DA:71,1
DA:72,1
DA:74,1
DA:77,0
DA:78,0
DA:80,2
DA:84,19
DA:85,38
DA:86,38
DA:87,0
DA:88,0
DA:90,0
DA:92,38
DA:95,19
LF:48
LH:41
BRDA:28,0,0,3
BRDA:28,0,1,4
BRDA:30,1,0,0
BRDA:30,1,1,4
BRDA:34,2,0,5
BRDA:34,2,1,2
BRDA:44,3,0,7
BRDA:44,3,1,2
BRDA:64,4,0,0
BRDA:64,4,1,2
BRDA:70,5,0,1
BRDA:70,5,1,1
BRDA:74,6,0,1
BRDA:74,6,1,0
BRDA:86,7,0,0
BRDA:86,7,1,38
BRDA:87,8,0,0
BRDA:87,8,1,0
BRDA:121,9,0,19
BRDA:121,9,1,0
BRDA:121,9,2,0
BRDA:124,10,0,19
BRDA:124,10,1,0
BRDA:124,10,2,0
BRDA:128,11,0,19
BRDA:128,11,1,0
BRDA:128,11,2,0
BRDA:150,12,0,19
BRDA:150,12,1,0
BRDA:150,12,2,0
BRDA:157,13,0,19
BRDA:157,13,1,7
BRDA:160,14,0,2
BRDA:160,14,1,17
BRF:34
BRH:20
end_of_record
TN:
SF:src\components\PasswordStrengthIndicator.js
FN:4,(anonymous_0)
FN:5,(anonymous_1)
FN:18,(anonymous_2)
FN:25,(anonymous_3)
FN:54,(anonymous_4)
FNF:5
FNH:5
FNDA:30,(anonymous_0)
FNDA:30,(anonymous_1)
FNDA:30,(anonymous_2)
FNDA:30,(anonymous_3)
FNDA:150,(anonymous_4)
DA:4,1
DA:5,30
DA:6,30
DA:7,30
DA:8,10
DA:9,10
DA:10,10
DA:11,10
DA:12,10
DA:13,10
DA:16,30
DA:18,30
DA:19,30
DA:20,7
DA:21,7
DA:22,7
DA:25,30
DA:26,30
DA:27,7
DA:28,7
DA:29,7
DA:32,30
DA:40,30
DA:55,150
LF:24
LH:24
BRDA:7,0,0,20
BRDA:7,0,1,10
BRDA:8,1,0,7
BRDA:8,1,1,3
BRDA:9,2,0,7
BRDA:9,2,1,3
BRDA:10,3,0,7
BRDA:10,3,1,3
BRDA:11,4,0,7
BRDA:11,4,1,3
BRDA:12,5,0,7
BRDA:12,5,1,3
BRDA:19,6,0,23
BRDA:19,6,1,7
BRDA:20,7,0,0
BRDA:20,7,1,7
BRDA:21,8,0,0
BRDA:21,8,1,7
BRDA:26,9,0,23
BRDA:26,9,1,7
BRDA:27,10,0,0
BRDA:27,10,1,7
BRDA:28,11,0,0
BRDA:28,11,1,7
BRDA:56,12,0,38
BRDA:56,12,1,112
BRDA:61,13,0,38
BRDA:61,13,1,112
BRF:28
BRH:24
end_of_record
TN:
SF:src\components\ProductCard.js
FN:8,(anonymous_0)
FN:12,(anonymous_1)
FN:18,(anonymous_2)
FN:39,(anonymous_3)
FNF:4
FNH:3
FNDA:9,(anonymous_0)
FNDA:1,(anonymous_1)
FNDA:1,(anonymous_2)
FNDA:0,(anonymous_3)
DA:8,3
DA:9,9
DA:10,9
DA:12,9
DA:13,1
DA:14,1
DA:15,1
DA:18,9
DA:19,1
DA:20,1
DA:21,1
DA:24,9
DA:26,9
DA:40,0
DA:41,0
LF:15
LH:13
BRDA:35,0,0,9
BRDA:35,0,1,2
BRDA:35,0,2,0
BRDA:44,1,0,9
BRDA:44,1,1,2
BRDA:53,2,0,0
BRDA:53,2,1,9
BRDA:57,3,0,0
BRDA:57,3,1,9
BRDA:75,4,0,9
BRDA:75,4,1,5
BRDA:75,4,2,5
BRDA:75,5,0,9
BRDA:75,5,1,5
BRDA:75,5,2,5
BRDA:85,6,0,7
BRDA:85,6,1,2
BRDA:90,7,0,7
BRDA:90,7,1,2
BRF:19
BRH:16
end_of_record
TN:
SF:src\components\RegisterForm.js
FN:9,(anonymous_0)
FN:29,(anonymous_1)
FN:68,(anonymous_2)
FN:72,(anonymous_3)
FN:75,(anonymous_4)
FN:82,(anonymous_5)
FN:89,(anonymous_6)
FN:110,(anonymous_7)
FNF:8
FNH:8
FNDA:30,(anonymous_0)
FNDA:12,(anonymous_1)
FNDA:12,(anonymous_2)
FNDA:4,(anonymous_3)
FNDA:7,(anonymous_4)
FNDA:5,(anonymous_5)
FNDA:1,(anonymous_6)
FNDA:120,(anonymous_7)
DA:9,1
DA:10,30
DA:16,30
DA:22,30
DA:23,30
DA:24,30
DA:25,30
DA:26,30
DA:29,30
DA:30,12
DA:31,12
DA:33,12
DA:34,7
DA:35,5
DA:36,1
DA:39,12
DA:40,8
DA:41,4
DA:42,1
DA:45,12
DA:46,12
DA:47,9
DA:49,3
DA:50,3
DA:51,3
DA:52,3
DA:53,3
DA:54,3
DA:56,3
DA:57,1
DA:61,12
DA:62,2
DA:65,12
DA:68,30
DA:69,12
DA:70,12
DA:71,12
DA:72,4
DA:75,30
DA:76,7
DA:82,30
DA:83,5
DA:89,30
DA:90,1
DA:91,1
DA:93,1
DA:94,1
DA:95,1
DA:96,1
DA:97,1
DA:98,1
DA:100,0
DA:103,0
DA:104,0
DA:106,1
DA:110,30
DA:111,120
DA:112,120
DA:113,8
DA:114,3
DA:116,5
DA:118,112
DA:121,30
LF:63
LH:60
BRDA:33,0,0,7
BRDA:33,0,1,5
BRDA:35,1,0,1
BRDA:35,1,1,4
BRDA:39,2,0,8
BRDA:39,2,1,4
BRDA:41,3,0,1
BRDA:41,3,1,3
BRDA:46,4,0,9
BRDA:46,4,1,3
BRDA:49,5,0,1
BRDA:49,5,1,2
BRDA:50,6,0,1
BRDA:50,6,1,2
BRDA:51,7,0,0
BRDA:51,7,1,3
BRDA:52,8,0,1
BRDA:52,8,1,2
BRDA:53,9,0,1
BRDA:53,9,1,2
BRDA:54,10,0,0
BRDA:54,10,1,3
BRDA:56,11,0,1
BRDA:56,11,1,2
BRDA:61,12,0,2
BRDA:61,12,1,10
BRDA:71,13,0,12
BRDA:71,13,1,1
BRDA:91,14,0,0
BRDA:91,14,1,1
BRDA:96,15,0,1
BRDA:96,15,1,0
BRDA:100,16,0,0
BRDA:100,16,1,0
BRDA:112,17,0,8
BRDA:112,17,1,112
BRDA:113,18,0,3
BRDA:113,18,1,5
BRDA:147,19,0,30
BRDA:147,19,1,1
BRDA:147,19,2,0
BRDA:150,20,0,30
BRDA:150,20,1,1
BRDA:150,20,2,1
BRDA:154,21,0,30
BRDA:154,21,1,1
BRDA:154,21,2,1
BRDA:175,22,0,30
BRDA:175,22,1,1
BRDA:175,22,2,0
BRDA:178,23,0,30
BRDA:178,23,1,1
BRDA:178,23,2,1
BRDA:182,24,0,30
BRDA:182,24,1,1
BRDA:182,24,2,1
BRDA:223,25,0,30
BRDA:223,25,1,2
BRDA:223,25,2,2
BRDA:226,26,0,30
BRDA:226,26,1,2
BRDA:226,26,2,0
BRDA:230,27,0,30
BRDA:230,27,1,2
BRDA:230,27,2,0
BRDA:237,28,0,30
BRDA:237,28,1,4
BRDA:240,29,0,1
BRDA:240,29,1,29
BRF:69
BRH:59
end_of_record
TN:
SF:src\components\ReviewForm.js
FN:6,(anonymous_0)
FN:13,(anonymous_1)
FN:47,(anonymous_2)
FN:76,(anonymous_3)
FN:83,(anonymous_4)
FN:84,(anonymous_5)
FN:85,(anonymous_6)
FN:105,(anonymous_7)
FNF:8
FNH:6
FNDA:10,(anonymous_0)
FNDA:2,(anonymous_1)
FNDA:1,(anonymous_2)
FNDA:50,(anonymous_3)
FNDA:1,(anonymous_4)
FNDA:0,(anonymous_5)
FNDA:0,(anonymous_6)
FNDA:1,(anonymous_7)
DA:6,1
DA:7,10
DA:8,10
DA:9,10
DA:10,10
DA:11,10
DA:13,10
DA:14,2
DA:15,2
DA:16,1
DA:17,1
DA:19,1
DA:20,0
DA:21,0
DA:24,1
DA:25,1
DA:26,1
DA:47,1
DA:49,1
DA:58,1
DA:59,1
DA:60,1
DA:63,0
DA:65,1
DA:69,10
DA:77,50
DA:78,50
DA:83,1
DA:84,0
DA:85,0
DA:105,1
LF:31
LH:26
BRDA:15,0,0,1
BRDA:15,0,1,1
BRDA:19,1,0,0
BRDA:19,1,1,1
BRDA:89,2,0,15
BRDA:89,2,1,35
BRDA:89,3,0,50
BRDA:89,3,1,50
BRDA:90,4,0,15
BRDA:90,4,1,35
BRDA:90,5,0,50
BRDA:90,5,1,50
BRDA:114,6,0,1
BRDA:114,6,1,9
BRF:14
BRH:13
end_of_record
TN:
SF:src\components\ReviewList.js
FN:7,(anonymous_0)
FN:20,(anonymous_1)
FN:37,(anonymous_2)
FN:41,(anonymous_3)
FN:46,(anonymous_4)
FN:52,(anonymous_5)
FN:58,(anonymous_6)
FN:87,(anonymous_7)
FN:100,(anonymous_8)
FN:114,(anonymous_9)
FN:133,(anonymous_10)
FN:136,(anonymous_11)
FNF:12
FNH:5
FNDA:3,(anonymous_0)
FNDA:2,(anonymous_1)
FNDA:2,(anonymous_2)
FNDA:0,(anonymous_3)
FNDA:0,(anonymous_4)
FNDA:0,(anonymous_5)
FNDA:0,(anonymous_6)
FNDA:1,(anonymous_7)
FNDA:5,(anonymous_8)
FNDA:0,(anonymous_9)
FNDA:0,(anonymous_10)
FNDA:0,(anonymous_11)
DA:7,1
DA:8,3
DA:9,3
DA:10,3
DA:11,3
DA:12,3
DA:15,3
DA:20,3
DA:21,2
DA:22,2
DA:23,2
DA:24,1
DA:25,1
DA:26,1
DA:27,1
DA:29,0
DA:31,0
DA:33,1
DA:37,3
DA:38,2
DA:41,3
DA:42,0
DA:43,0
DA:46,3
DA:47,0
DA:48,0
DA:49,0
DA:52,0
DA:53,0
DA:54,0
DA:55,0
DA:58,0
DA:62,0
DA:65,0
DA:66,0
DA:67,0
DA:74,0
DA:78,3
DA:88,1
DA:101,5
DA:114,0
DA:134,0
DA:136,0
LF:43
LH:23
BRDA:24,0,0,0
BRDA:24,0,1,1
BRDA:47,1,0,0
BRDA:47,1,1,0
BRDA:53,2,0,0
BRDA:53,2,1,0
BRDA:57,3,0,0
BRDA:57,3,1,0
BRDA:84,4,0,3
BRDA:84,4,1,3
BRDA:95,5,0,1
BRDA:95,5,1,0
BRDA:104,6,0,5
BRDA:104,6,1,0
BRDA:105,7,0,5
BRDA:105,7,1,0
BRDA:115,8,0,0
BRDA:115,8,1,1
BRDA:115,9,0,1
BRDA:115,9,1,1
BRDA:119,10,0,1
BRDA:119,10,1,1
BRDA:124,11,0,3
BRDA:124,11,1,2
BRDA:126,12,0,3
BRDA:126,12,1,1
BRDA:126,12,2,0
BRDA:131,13,0,3
BRDA:131,13,1,0
BRDA:137,14,0,0
BRDA:137,14,1,0
BRF:31
BRH:16
end_of_record
TN:
SF:src\components\SkeletonLoader.js
FN:5,(anonymous_0)
FN:28,(anonymous_1)
FN:55,(anonymous_2)
FN:64,(anonymous_3)
FNF:4
FNH:1
FNDA:24,(anonymous_0)
FNDA:0,(anonymous_1)
FNDA:0,(anonymous_2)
FNDA:0,(anonymous_3)
DA:5,1
DA:6,24
DA:28,1
DA:29,0
DA:55,1
DA:56,0
DA:64,1
DA:65,0
LF:8
LH:5
BRF:0
BRH:0
end_of_record
TN:
SF:src\components\admin\AdminOrders.js
FN:18,(anonymous_0)
FN:22,(anonymous_1)
FN:23,(anonymous_2)
FN:45,(anonymous_3)
FN:64,(anonymous_4)
FNF:5
FNH:2
FNDA:6,(anonymous_0)
FNDA:0,(anonymous_1)
FNDA:0,(anonymous_2)
FNDA:18,(anonymous_3)
FNDA:0,(anonymous_4)
DA:4,1
DA:10,1
DA:18,1
DA:19,6
DA:20,6
DA:22,6
DA:23,0
DA:24,0
DA:27,6
DA:46,18
DA:64,0
LF:11
LH:8
BRDA:23,0,0,0
BRDA:23,0,1,0
BRDA:56,1,0,18
BRDA:56,1,1,0
BRF:4
BRH:1
end_of_record
TN:
SF:src\components\admin\AdminProducts.js
FN:10,(anonymous_0)
FN:25,(anonymous_1)
FN:38,(anonymous_2)
FN:40,(anonymous_3)
FN:45,(anonymous_4)
FN:49,(anonymous_5)
FN:70,(anonymous_6)
FN:94,(anonymous_7)
FN:105,(anonymous_8)
FN:115,(anonymous_9)
FN:132,(anonymous_10)
FN:142,(anonymous_11)
FN:151,(anonymous_12)
FN:158,(anonymous_13)
FN:186,(anonymous_14)
FN:201,(anonymous_15)
FN:207,(anonymous_16)
FNF:17
FNH:6
FNDA:6,(anonymous_0)
FNDA:0,(anonymous_1)
FNDA:0,(anonymous_2)
FNDA:0,(anonymous_3)
FNDA:1,(anonymous_4)
FNDA:0,(anonymous_5)
FNDA:1,(anonymous_6)
FNDA:1,(anonymous_7)
FNDA:1,(anonymous_8)
FNDA:0,(anonymous_9)
FNDA:0,(anonymous_10)
FNDA:0,(anonymous_11)
FNDA:0,(anonymous_12)
FNDA:0,(anonymous_13)
FNDA:7,(anonymous_14)
FNDA:0,(anonymous_15)
FNDA:0,(anonymous_16)
DA:5,1
DA:10,1
DA:11,6
DA:12,6
DA:13,6
DA:16,6
DA:25,6
DA:26,0
DA:27,0
DA:35,0
DA:38,6
DA:39,0
DA:40,0
DA:41,0
DA:45,6
DA:46,1
DA:47,1
DA:49,0
DA:50,0
DA:53,1
DA:57,1
DA:58,1
DA:60,1
DA:61,1
DA:62,1
DA:65,6
DA:71,1
DA:72,1
DA:73,1
DA:94,1
DA:105,1
DA:115,0
DA:132,0
DA:142,0
DA:151,0
DA:158,0
DA:187,7
DA:201,0
DA:207,0
LF:39
LH:24
BRDA:32,0,0,0
BRDA:32,0,1,0
BRDA:33,1,0,0
BRDA:33,1,1,0
BRDA:39,2,0,0
BRDA:39,2,1,0
BRDA:47,3,0,0
BRDA:47,3,1,1
BRDA:49,4,0,0
BRDA:49,4,1,0
BRDA:81,5,0,3
BRDA:81,5,1,3
BRDA:83,6,0,0
BRDA:83,6,1,3
BRDA:189,7,0,7
BRDA:189,7,1,1
BRDA:195,8,0,6
BRDA:195,8,1,1
BRF:18
BRH:8
end_of_record
TN:
SF:src\components\admin\AdminStats.js
FN:3,(anonymous_0)
FN:15,(anonymous_1)
FNF:2
FNH:2
FNDA:4,(anonymous_0)
FNDA:16,(anonymous_1)
DA:3,1
DA:6,4
DA:13,4
DA:16,16
LF:4
LH:4
BRF:0
BRH:0
end_of_record
TN:
SF:src\components\admin\AdminUsers.js
FN:10,(anonymous_0)
FN:13,(anonymous_1)
FN:14,(anonymous_2)
FN:20,(anonymous_3)
FN:22,(anonymous_4)
FN:43,(anonymous_5)
FN:55,(anonymous_6)
FN:61,(anonymous_7)
FNF:8
FNH:2
FNDA:2,(anonymous_0)
FNDA:0,(anonymous_1)
FNDA:0,(anonymous_2)
FNDA:0,(anonymous_3)
FNDA:0,(anonymous_4)
FNDA:6,(anonymous_5)
FNDA:0,(anonymous_6)
FNDA:0,(anonymous_7)
DA:4,1
DA:10,1
DA:11,2
DA:13,2
DA:14,0
DA:15,0
DA:17,0
DA:20,2
DA:21,0
DA:22,0
DA:23,0
DA:27,2
DA:44,6
DA:55,0
DA:61,0
LF:15
LH:7
BRDA:15,0,0,0
BRDA:15,0,1,0
BRDA:15,1,0,0
BRDA:15,1,1,0
BRDA:21,2,0,0
BRDA:21,2,1,0
BRDA:48,3,0,2
BRDA:48,3,1,4
BRDA:58,4,0,2
BRDA:58,4,1,4
BRF:10
BRH:4
end_of_record
TN:
SF:src\contexts\AuthContext.js
FN:7,(anonymous_0)
FN:15,(anonymous_1)
FN:19,(anonymous_2)
FN:24,(anonymous_3)
FN:29,(anonymous_4)
FN:33,(anonymous_5)
FN:39,(anonymous_6)
FN:58,(anonymous_7)
FN:75,(anonymous_8)
FNF:9
FNH:6
FNDA:58,(anonymous_0)
FNDA:7,(anonymous_1)
FNDA:3,(anonymous_2)
FNDA:1,(anonymous_3)
FNDA:0,(anonymous_4)
FNDA:1,(anonymous_5)
FNDA:2,(anonymous_6)
FNDA:0,(anonymous_7)
FNDA:0,(anonymous_8)
DA:5,6
DA:7,6
DA:8,58
DA:9,58
DA:10,0
DA:12,58
DA:15,6
DA:16,7
DA:17,7
DA:19,7
DA:20,3
DA:21,3
DA:23,1
DA:25,1
DA:26,1
DA:30,0
DA:31,0
DA:33,1
DA:35,2
DA:39,7
DA:40,2
DA:41,2
DA:43,1
DA:44,1
DA:45,1
DA:47,1
DA:48,1
DA:49,1
DA:52,1
DA:53,1
DA:54,1
DA:58,7
DA:59,0
DA:60,0
DA:61,0
DA:62,0
DA:63,0
DA:64,0
DA:65,0
DA:66,0
DA:69,0
DA:70,0
DA:71,0
DA:75,7
DA:76,0
DA:77,0
DA:78,0
DA:81,7
DA:90,7
LF:49
LH:32
BRDA:9,0,0,0
BRDA:9,0,1,58
BRDA:21,1,0,1
BRDA:21,1,1,2
BRDA:25,2,0,1
BRDA:25,2,1,0
BRDA:43,3,0,1
BRDA:43,3,1,0
BRDA:43,4,0,1
BRDA:43,4,1,1
BRDA:43,4,2,1
BRDA:44,5,0,1
BRDA:44,5,1,0
BRDA:52,6,0,1
BRDA:52,6,1,0
BRDA:61,7,0,0
BRDA:61,7,1,0
BRDA:69,8,0,0
BRDA:69,8,1,0
BRF:19
BRH:10
end_of_record
TN:
SF:src\contexts\CartContext.js
FN:6,(anonymous_0)
FN:14,(anonymous_1)
FN:17,(anonymous_2)
FN:24,(anonymous_3)
FN:28,(anonymous_4)
FN:29,(anonymous_5)
FN:30,(anonymous_6)
FN:33,(anonymous_7)
FN:45,(anonymous_8)
FN:46,(anonymous_9)
FN:46,(anonymous_10)
FN:49,(anonymous_11)
FN:54,(anonymous_12)
FN:55,(anonymous_13)
FN:61,(anonymous_14)
FN:65,(anonymous_15)
FN:66,(anonymous_16)
FN:69,(anonymous_17)
FN:70,(anonymous_18)
FNF:19
FNH:1
FNDA:19,(anonymous_0)
FNDA:0,(anonymous_1)
FNDA:0,(anonymous_2)
FNDA:0,(anonymous_3)
FNDA:0,(anonymous_4)
FNDA:0,(anonymous_5)
FNDA:0,(anonymous_6)
FNDA:0,(anonymous_7)
FNDA:0,(anonymous_8)
FNDA:0,(anonymous_9)
FNDA:0,(anonymous_10)
FNDA:0,(anonymous_11)
FNDA:0,(anonymous_12)
FNDA:0,(anonymous_13)
FNDA:0,(anonymous_14)
FNDA:0,(anonymous_15)
FNDA:0,(anonymous_16)
FNDA:0,(anonymous_17)
FNDA:0,(anonymous_18)
DA:4,3
DA:6,3
DA:7,19
DA:8,19
DA:9,0
DA:11,19
DA:14,3
DA:15,0
DA:17,0
DA:18,0
DA:19,0
DA:20,0
DA:24,0
DA:25,0
DA:28,0
DA:29,0
DA:30,0
DA:31,0
DA:32,0
DA:33,0
DA:34,0
DA:39,0
DA:40,0
DA:45,0
DA:46,0
DA:49,0
DA:50,0
DA:51,0
DA:52,0
DA:54,0
DA:55,0
DA:56,0
DA:61,0
DA:62,0
DA:65,0
DA:66,0
DA:69,0
DA:70,0
DA:73,0
DA:83,0
LF:40
LH:6
BRDA:8,0,0,0
BRDA:8,0,1,19
BRDA:19,1,0,0
BRDA:19,1,1,0
BRDA:28,2,0,0
BRDA:31,3,0,0
BRDA:31,3,1,0
BRDA:34,4,0,0
BRDA:34,4,1,0
BRDA:50,5,0,0
BRDA:50,5,1,0
BRDA:56,6,0,0
BRDA:56,6,1,0
BRF:13
BRH:1
end_of_record
TN:
SF:src\contexts\WishlistContext.js
FN:7,(anonymous_0)
FN:11,(anonymous_1)
FN:16,(anonymous_2)
FN:31,(anonymous_3)
FN:38,(anonymous_4)
FN:42,(anonymous_5)
FN:56,(anonymous_6)
FN:57,(anonymous_7)
FN:65,(anonymous_8)
FN:66,(anonymous_9)
FNF:10
FNH:10
FNDA:32,(anonymous_0)
FNDA:13,(anonymous_1)
FNDA:4,(anonymous_2)
FNDA:5,(anonymous_3)
FNDA:1,(anonymous_4)
FNDA:1,(anonymous_5)
FNDA:1,(anonymous_6)
FNDA:1,(anonymous_7)
FNDA:13,(anonymous_8)
FNDA:3,(anonymous_9)
DA:5,4
DA:7,4
DA:8,32
DA:11,4
DA:12,13
DA:13,13
DA:14,13
DA:16,13
DA:17,4
DA:20,3
DA:21,3
DA:22,0
DA:24,3
DA:27,1
DA:31,13
DA:32,5
DA:33,1
DA:34,1
DA:38,4
DA:41,4
DA:42,1
DA:43,1
DA:45,3
DA:46,3
DA:49,4
DA:50,4
DA:56,13
DA:57,1
DA:58,1
DA:59,1
DA:60,1
DA:62,1
DA:65,13
DA:66,13
DA:69,13
LF:35
LH:34
BRDA:17,0,0,3
BRDA:17,0,1,1
BRDA:21,1,0,0
BRDA:21,1,1,3
BRDA:32,2,0,1
BRDA:32,2,1,4
BRDA:41,3,0,1
BRDA:41,3,1,3
BRDA:59,4,0,1
BRDA:59,4,1,0
BRF:10
BRH:8
end_of_record
TN:
SF:src\mocks\handlers.js
FN:5,(anonymous_0)
FN:23,(anonymous_1)
FN:33,(anonymous_2)
FN:48,(anonymous_3)
FNF:4
FNH:3
FNDA:2,(anonymous_0)
FNDA:1,(anonymous_1)
FNDA:5,(anonymous_2)
FNDA:0,(anonymous_3)
DA:3,13
DA:6,2
DA:7,2
DA:8,2
DA:9,1
DA:19,1
DA:24,1
DA:34,5
DA:49,0
DA:50,0
DA:51,0
DA:58,0
LF:12
LH:8
BRDA:8,0,0,1
BRDA:8,0,1,1
BRDA:8,1,0,2
BRDA:8,1,1,1
BRDA:50,2,0,0
BRDA:50,2,1,0
BRF:6
BRH:4
end_of_record
TN:
SF:src\mocks\server.js
FNF:0
FNH:0
DA:4,13
LF:1
LH:1
BRF:0
BRH:0
end_of_record
TN:
SF:src\pages\Admin.js
FN:11,(anonymous_0)
FN:22,(anonymous_1)
FN:58,(anonymous_2)
FN:60,(anonymous_3)
FN:101,(anonymous_4)
FN:102,(anonymous_5)
FN:103,(anonymous_6)
FN:104,(anonymous_7)
FNF:8
FNH:4
FNDA:7,(anonymous_0)
FNDA:7,(anonymous_1)
FNDA:28,(anonymous_2)
FNDA:3,(anonymous_3)
FNDA:0,(anonymous_4)
FNDA:0,(anonymous_5)
FNDA:0,(anonymous_6)
FNDA:0,(anonymous_7)
DA:11,1
DA:12,7
DA:13,7
DA:22,7
DA:23,7
DA:25,4
DA:36,1
DA:42,1
DA:48,1
DA:54,0
DA:58,7
DA:59,28
DA:60,3
DA:72,7
DA:101,0
DA:102,0
DA:103,0
DA:104,0
LF:18
LH:13
BRDA:23,0,0,4
BRDA:23,0,1,1
BRDA:23,0,2,1
BRDA:23,0,3,1
BRDA:23,0,4,0
BRDA:62,1,0,7
BRDA:62,1,1,21
BRDA:101,2,0,4
BRDA:101,2,1,3
BRDA:102,3,0,1
BRDA:102,3,1,6
BRDA:103,4,0,1
BRDA:103,4,1,6
BRDA:104,5,0,1
BRDA:104,5,1,6
BRDA:116,6,0,7
BRDA:116,6,1,0
BRDA:117,7,0,7
BRDA:117,7,1,0
BRDA:120,8,0,7
BRDA:120,8,1,0
BRF:21
BRH:17
end_of_record
TN:
SF:src\pages\Cart.js
FN:9,(anonymous_0)
FN:14,(anonymous_1)
FN:16,(anonymous_2)
FN:19,(anonymous_3)
FN:47,(anonymous_4)
FN:63,(anonymous_5)
FNF:6
FNH:0
FNDA:0,(anonymous_0)
FNDA:0,(anonymous_1)
FNDA:0,(anonymous_2)
FNDA:0,(anonymous_3)
FNDA:0,(anonymous_4)
FNDA:0,(anonymous_5)
DA:9,0
DA:10,0
DA:11,0
DA:12,0
DA:14,0
DA:16,0
DA:17,0
DA:19,0
DA:22,0
DA:23,0
DA:38,0
DA:48,0
DA:64,0
LF:13
LH:0
BRDA:22,0,0,0
BRDA:22,0,1,0
BRDA:45,1,0,0
BRDA:45,1,1,0
BRDA:51,2,0,0
BRDA:51,2,1,0
BRF:6
BRH:0
end_of_record
TN:
SF:src\pages\Checkout.js
FN:6,(anonymous_0)
FNF:1
FNH:0
FNDA:0,(anonymous_0)
DA:6,0
DA:7,0
DA:9,0
DA:10,0
DA:22,0
LF:5
LH:0
BRDA:9,0,0,0
BRDA:9,0,1,0
BRF:2
BRH:0
end_of_record
TN:
SF:src\pages\Landing.js
FN:7,(anonymous_0)
FN:14,(anonymous_1)
FN:17,(anonymous_2)
FN:23,(anonymous_3)
FN:26,(anonymous_4)
FN:32,(anonymous_5)
FN:36,(anonymous_6)
FN:76,(anonymous_7)
FN:79,(anonymous_8)
FN:94,(anonymous_9)
FN:116,(anonymous_10)
FN:131,(anonymous_11)
FNF:12
FNH:0
FNDA:0,(anonymous_0)
FNDA:0,(anonymous_1)
FNDA:0,(anonymous_2)
FNDA:0,(anonymous_3)
FNDA:0,(anonymous_4)
FNDA:0,(anonymous_5)
FNDA:0,(anonymous_6)
FNDA:0,(anonymous_7)
FNDA:0,(anonymous_8)
FNDA:0,(anonymous_9)
FNDA:0,(anonymous_10)
FNDA:0,(anonymous_11)
DA:7,0
DA:8,0
DA:9,0
DA:10,0
DA:11,0
DA:12,0
DA:14,0
DA:16,0
DA:17,0
DA:18,0
DA:19,0
DA:20,0
DA:23,0
DA:26,0
DA:27,0
DA:29,0
DA:31,0
DA:32,0
DA:35,0
DA:36,0
DA:37,0
DA:42,0
DA:45,0
DA:77,0
DA:79,0
DA:94,0
DA:117,0
DA:132,0
LF:28
LH:0
BRDA:27,0,0,0
BRDA:27,0,1,0
BRDA:31,1,0,0
BRDA:31,1,1,0
BRDA:35,2,0,0
BRDA:35,2,1,0
BRDA:37,3,0,0
BRDA:37,3,1,0
BRDA:80,4,0,0
BRDA:80,4,1,0
BRDA:114,5,0,0
BRDA:114,5,1,0
BRDA:120,6,0,0
BRDA:120,6,1,0
BRF:14
BRH:0
end_of_record
TN:
SF:src\pages\Login.js
FN:5,(anonymous_0)
FNF:1
FNH:1
FNDA:3,(anonymous_0)
DA:5,1
DA:6,3
LF:2
LH:2
BRF:0
BRH:0
end_of_record
TN:
SF:src\pages\NotFound.js
FN:6,(anonymous_0)
FNF:1
FNH:1
FNDA:4,(anonymous_0)
DA:6,1
DA:7,4
LF:2
LH:2
BRF:0
BRH:0
end_of_record
TN:
SF:src\pages\Orders.js
FN:7,(anonymous_0)
FN:12,(anonymous_1)
FN:14,(anonymous_2)
FN:56,(anonymous_3)
FN:66,(anonymous_4)
FN:87,(anonymous_5)
FN:119,(anonymous_6)
FNF:7
FNH:0
FNDA:0,(anonymous_0)
FNDA:0,(anonymous_1)
FNDA:0,(anonymous_2)
FNDA:0,(anonymous_3)
FNDA:0,(anonymous_4)
FNDA:0,(anonymous_5)
FNDA:0,(anonymous_6)
DA:7,0
DA:8,0
DA:9,0
DA:10,0
DA:12,0
DA:13,0
DA:14,0
DA:15,0
DA:16,0
DA:17,0
DA:18,0
DA:21,0
DA:24,0
DA:28,0
DA:30,0
DA:34,0
DA:35,0
DA:47,0
DA:57,0
DA:67,0
DA:88,0
DA:120,0
LF:22
LH:0
BRDA:13,0,0,0
BRDA:13,0,1,0
BRDA:17,1,0,0
BRDA:17,1,1,0
BRDA:34,2,0,0
BRDA:34,2,1,0
BRDA:54,3,0,0
BRDA:54,3,1,0
BRDA:60,4,0,0
BRDA:60,4,1,0
BRDA:75,5,0,0
BRDA:75,5,1,0
BRDA:76,6,0,0
BRDA:76,6,1,0
BRDA:89,7,0,0
BRDA:89,7,1,0
BRDA:97,8,0,0
BRDA:97,8,1,0
BRDA:97,8,2,0
BRDA:101,9,0,0
BRDA:101,9,1,0
BRDA:103,10,0,0
BRDA:103,10,1,0
BRDA:115,11,0,0
BRDA:115,11,1,0
BRDA:115,11,2,0
BRDA:122,12,0,0
BRDA:122,12,1,0
BRDA:127,13,0,0
BRDA:127,13,1,0
BRF:30
BRH:0
end_of_record
TN:
SF:src\pages\ProductDetail.js
FN:9,(anonymous_0)
FN:17,(anonymous_1)
FN:18,(anonymous_2)
FN:37,(anonymous_3)
FN:61,(anonymous_4)
FN:77,(anonymous_5)
FN:120,(anonymous_6)
FN:127,(anonymous_7)
FNF:8
FNH:0
FNDA:0,(anonymous_0)
FNDA:0,(anonymous_1)
FNDA:0,(anonymous_2)
FNDA:0,(anonymous_3)
FNDA:0,(anonymous_4)
FNDA:0,(anonymous_5)
FNDA:0,(anonymous_6)
FNDA:0,(anonymous_7)
DA:9,0
DA:10,0
DA:11,0
DA:12,0
DA:13,0
DA:14,0
DA:15,0
DA:17,0
DA:18,0
DA:19,0
DA:20,0
DA:21,0
DA:22,0
DA:24,0
DA:27,0
DA:28,0
DA:30,0
DA:34,0
DA:37,0
DA:38,0
DA:39,0
DA:40,0
DA:44,0
DA:45,0
DA:52,0
DA:53,0
DA:61,0
DA:70,0
DA:77,0
DA:120,0
DA:127,0
LF:31
LH:0
BRDA:21,0,0,0
BRDA:21,0,1,0
BRDA:38,1,0,0
BRDA:38,1,1,0
BRDA:44,2,0,0
BRDA:44,2,1,0
BRDA:52,3,0,0
BRDA:52,3,1,0
BRDA:90,4,0,0
BRDA:90,4,1,0
BRDA:90,4,2,0
BRF:11
BRH:0
end_of_record
TN:
SF:src\pages\Products.js
FN:17,(anonymous_0)
FN:36,(anonymous_1)
FN:37,(anonymous_2)
FN:61,(anonymous_3)
FN:67,(anonymous_4)
FN:73,(anonymous_5)
FN:86,(anonymous_6)
FN:89,(anonymous_7)
FN:92,(anonymous_8)
FN:110,(anonymous_9)
FN:138,(anonymous_10)
FN:162,(anonymous_11)
FN:168,(anonymous_12)
FN:171,(anonymous_13)
FN:189,(anonymous_14)
FN:203,(anonymous_15)
FN:220,(anonymous_16)
FN:227,(anonymous_17)
FN:230,(anonymous_18)
FN:241,(anonymous_19)
FNF:20
FNH:10
FNDA:25,(anonymous_0)
FNDA:6,(anonymous_1)
FNDA:6,(anonymous_2)
FNDA:12,(anonymous_3)
FNDA:2,(anonymous_4)
FNDA:2,(anonymous_5)
FNDA:0,(anonymous_6)
FNDA:0,(anonymous_7)
FNDA:0,(anonymous_8)
FNDA:0,(anonymous_9)
FNDA:0,(anonymous_10)
FNDA:1,(anonymous_11)
FNDA:0,(anonymous_12)
FNDA:100,(anonymous_13)
FNDA:72,(anonymous_14)
FNDA:12,(anonymous_15)
FNDA:0,(anonymous_16)
FNDA:0,(anonymous_17)
FNDA:0,(anonymous_18)
FNDA:0,(anonymous_19)
DA:10,2
DA:17,2
DA:18,25
DA:19,25
DA:20,25
DA:23,25
DA:24,25
DA:25,25
DA:26,25
DA:29,25
DA:30,25
DA:34,25
DA:36,25
DA:37,6
DA:38,6
DA:39,6
DA:40,6
DA:42,5
DA:43,5
DA:44,0
DA:45,0
DA:47,0
DA:49,5
DA:51,1
DA:52,1
DA:54,6
DA:58,6
DA:61,25
DA:63,12
DA:66,12
DA:67,2
DA:71,12
DA:72,1
DA:73,1
DA:74,2
DA:84,12
DA:86,0
DA:87,0
DA:89,0
DA:90,0
DA:92,0
DA:93,0
DA:97,12
DA:100,12
DA:101,12
DA:105,25
DA:106,25
DA:107,25
DA:108,25
DA:110,25
DA:111,0
DA:112,0
DA:115,25
DA:139,0
DA:140,0
DA:141,0
DA:162,1
DA:168,0
DA:172,100
DA:190,72
DA:204,12
DA:220,0
DA:228,0
DA:230,0
DA:241,0
LF:65
LH:46
BRDA:42,0,0,5
BRDA:42,0,1,0
BRDA:42,1,0,5
BRDA:42,1,1,5
BRDA:44,2,0,0
BRDA:44,2,1,0
BRDA:66,3,0,1
BRDA:66,3,1,11
BRDA:71,4,0,1
BRDA:71,4,1,11
BRDA:74,5,0,2
BRDA:74,5,1,2
BRDA:84,6,0,0
BRDA:84,6,1,0
BRDA:84,6,2,0
BRDA:84,6,3,12
BRDA:84,6,4,12
BRDA:180,7,0,25
BRDA:180,7,1,1
BRDA:187,8,0,12
BRDA:187,8,1,13
BRDA:193,9,0,7
BRDA:193,9,1,6
BRDA:217,10,0,25
BRDA:217,10,1,0
BRDA:231,11,0,0
BRDA:231,11,1,0
BRF:27
BRH:18
end_of_record
TN:
SF:src\pages\Register.js
FN:5,(anonymous_0)
FNF:1
FNH:0
FNDA:0,(anonymous_0)
DA:5,0
DA:6,0
LF:2
LH:0
BRF:0
BRH:0
end_of_record
TN:
SF:src\pages\WishlistPage.js
FN:8,(anonymous_0)
FN:41,(anonymous_1)
FN:57,(anonymous_2)
FN:81,(anonymous_3)
FNF:4
FNH:0
FNDA:0,(anonymous_0)
FNDA:0,(anonymous_1)
FNDA:0,(anonymous_2)
FNDA:0,(anonymous_3)
DA:8,0
DA:9,0
DA:10,0
DA:12,0
DA:13,0
DA:32,0
DA:42,0
DA:57,0
DA:81,0
LF:9
LH:0
BRDA:12,0,0,0
BRDA:12,0,1,0
BRDA:52,1,0,0
BRDA:52,1,1,0
BRF:4
BRH:0
end_of_record
TN:
SF:src\services\api.js
FN:9,(anonymous_0)
FN:16,(anonymous_1)
FN:23,(anonymous_2)
FN:24,(anonymous_3)
FNF:4
FNH:3
FNDA:9,(anonymous_0)
FNDA:0,(anonymous_1)
FNDA:7,(anonymous_2)
FNDA:2,(anonymous_3)
DA:3,7
DA:8,7
DA:10,9
DA:11,9
DA:12,2
DA:14,9
DA:17,0
DA:22,7
DA:23,7
DA:25,2
DA:26,1
DA:27,1
DA:29,2
LF:13
LH:12
BRDA:4,0,0,7
BRDA:4,0,1,7
BRDA:11,1,0,2
BRDA:11,1,1,7
BRDA:25,2,0,1
BRDA:25,2,1,1
BRF:6
BRH:6
end_of_record
TN:
SF:src\utils\constants.js
FNF:0
FNH:0
DA:2,2
DA:71,2
LF:2
LH:2
BRF:0
BRH:0
end_of_record
